Analysis & Synthesis report for sdram
Fri Sep 10 17:10:08 2021
Quartus II 64-Bit Version 13.1.0 Build 162 10/23/2013 SJ Full Version


---------------------
; Table of Contents ;
---------------------
  1. Legal Notice
  2. Analysis & Synthesis Summary
  3. Analysis & Synthesis Settings
  4. Parallel Compilation
  5. Analysis & Synthesis Source Files Read
  6. Analysis & Synthesis Resource Usage Summary
  7. Analysis & Synthesis Resource Utilization by Entity
  8. State Machine - |sdram|state_sdram
  9. State Machine - |sdram|read:u_read|rd_state
 10. State Machine - |sdram|write:u_write|wr_state
 11. Registers Removed During Synthesis
 12. Removed Registers Triggering Further Register Optimizations
 13. General Register Statistics
 14. Multiplexer Restructuring Statistics (Restructuring Performed)
 15. Port Connectivity Checks: "init:u_init"
 16. Elapsed Time Per Partition
 17. Analysis & Synthesis Messages



----------------
; Legal Notice ;
----------------
Copyright (C) 1991-2013 Altera Corporation
Your use of Altera Corporation's design tools, logic functions 
and other software and tools, and its AMPP partner logic 
functions, and any output files from any of the foregoing 
(including device programming or simulation files), and any 
associated documentation or information are expressly subject 
to the terms and conditions of the Altera Program License 
Subscription Agreement, Altera MegaCore Function License 
Agreement, or other applicable license agreement, including, 
without limitation, that your use is for the sole purpose of 
programming logic devices manufactured by Altera and sold by 
Altera or its authorized distributors.  Please refer to the 
applicable agreement for further details.



+----------------------------------------------------------------------------------+
; Analysis & Synthesis Summary                                                     ;
+------------------------------------+---------------------------------------------+
; Analysis & Synthesis Status        ; Successful - Fri Sep 10 17:10:08 2021       ;
; Quartus II 64-Bit Version          ; 13.1.0 Build 162 10/23/2013 SJ Full Version ;
; Revision Name                      ; sdram                                       ;
; Top-level Entity Name              ; sdram                                       ;
; Family                             ; Cyclone IV E                                ;
; Total logic elements               ; 0                                           ;
;     Total combinational functions  ; 0                                           ;
;     Dedicated logic registers      ; 0                                           ;
; Total registers                    ; 0                                           ;
; Total pins                         ; 41                                          ;
; Total virtual pins                 ; 0                                           ;
; Total memory bits                  ; 0                                           ;
; Embedded Multiplier 9-bit elements ; 0                                           ;
; Total PLLs                         ; 0                                           ;
+------------------------------------+---------------------------------------------+


+----------------------------------------------------------------------------------------------------------------------+
; Analysis & Synthesis Settings                                                                                        ;
+----------------------------------------------------------------------------+--------------------+--------------------+
; Option                                                                     ; Setting            ; Default Value      ;
+----------------------------------------------------------------------------+--------------------+--------------------+
; Device                                                                     ; EP4CE10F17C8       ;                    ;
; Top-level entity name                                                      ; sdram              ; sdram              ;
; Family name                                                                ; Cyclone IV E       ; Cyclone IV GX      ;
; Use smart compilation                                                      ; Off                ; Off                ;
; Enable parallel Assembler and TimeQuest Timing Analyzer during compilation ; On                 ; On                 ;
; Enable compact report table                                                ; Off                ; Off                ;
; Restructure Multiplexers                                                   ; Auto               ; Auto               ;
; Create Debugging Nodes for IP Cores                                        ; Off                ; Off                ;
; Preserve fewer node names                                                  ; On                 ; On                 ;
; Disable OpenCore Plus hardware evaluation                                  ; Off                ; Off                ;
; Verilog Version                                                            ; Verilog_2001       ; Verilog_2001       ;
; VHDL Version                                                               ; VHDL_1993          ; VHDL_1993          ;
; State Machine Processing                                                   ; Auto               ; Auto               ;
; Safe State Machine                                                         ; Off                ; Off                ;
; Extract Verilog State Machines                                             ; On                 ; On                 ;
; Extract VHDL State Machines                                                ; On                 ; On                 ;
; Ignore Verilog initial constructs                                          ; Off                ; Off                ;
; Iteration limit for constant Verilog loops                                 ; 5000               ; 5000               ;
; Iteration limit for non-constant Verilog loops                             ; 250                ; 250                ;
; Add Pass-Through Logic to Inferred RAMs                                    ; On                 ; On                 ;
; Infer RAMs from Raw Logic                                                  ; On                 ; On                 ;
; Parallel Synthesis                                                         ; On                 ; On                 ;
; DSP Block Balancing                                                        ; Auto               ; Auto               ;
; NOT Gate Push-Back                                                         ; On                 ; On                 ;
; Power-Up Don't Care                                                        ; On                 ; On                 ;
; Remove Redundant Logic Cells                                               ; Off                ; Off                ;
; Remove Duplicate Registers                                                 ; On                 ; On                 ;
; Ignore CARRY Buffers                                                       ; Off                ; Off                ;
; Ignore CASCADE Buffers                                                     ; Off                ; Off                ;
; Ignore GLOBAL Buffers                                                      ; Off                ; Off                ;
; Ignore ROW GLOBAL Buffers                                                  ; Off                ; Off                ;
; Ignore LCELL Buffers                                                       ; Off                ; Off                ;
; Ignore SOFT Buffers                                                        ; On                 ; On                 ;
; Limit AHDL Integers to 32 Bits                                             ; Off                ; Off                ;
; Optimization Technique                                                     ; Balanced           ; Balanced           ;
; Carry Chain Length                                                         ; 70                 ; 70                 ;
; Auto Carry Chains                                                          ; On                 ; On                 ;
; Auto Open-Drain Pins                                                       ; On                 ; On                 ;
; Perform WYSIWYG Primitive Resynthesis                                      ; Off                ; Off                ;
; Auto ROM Replacement                                                       ; On                 ; On                 ;
; Auto RAM Replacement                                                       ; On                 ; On                 ;
; Auto DSP Block Replacement                                                 ; On                 ; On                 ;
; Auto Shift Register Replacement                                            ; Auto               ; Auto               ;
; Allow Shift Register Merging across Hierarchies                            ; Auto               ; Auto               ;
; Auto Clock Enable Replacement                                              ; On                 ; On                 ;
; Strict RAM Replacement                                                     ; Off                ; Off                ;
; Allow Synchronous Control Signals                                          ; On                 ; On                 ;
; Force Use of Synchronous Clear Signals                                     ; Off                ; Off                ;
; Auto RAM Block Balancing                                                   ; On                 ; On                 ;
; Auto RAM to Logic Cell Conversion                                          ; Off                ; Off                ;
; Auto Resource Sharing                                                      ; Off                ; Off                ;
; Allow Any RAM Size For Recognition                                         ; Off                ; Off                ;
; Allow Any ROM Size For Recognition                                         ; Off                ; Off                ;
; Allow Any Shift Register Size For Recognition                              ; Off                ; Off                ;
; Use LogicLock Constraints during Resource Balancing                        ; On                 ; On                 ;
; Ignore translate_off and synthesis_off directives                          ; Off                ; Off                ;
; Timing-Driven Synthesis                                                    ; On                 ; On                 ;
; Report Parameter Settings                                                  ; On                 ; On                 ;
; Report Source Assignments                                                  ; On                 ; On                 ;
; Report Connectivity Checks                                                 ; On                 ; On                 ;
; Ignore Maximum Fan-Out Assignments                                         ; Off                ; Off                ;
; Synchronization Register Chain Length                                      ; 2                  ; 2                  ;
; PowerPlay Power Optimization                                               ; Normal compilation ; Normal compilation ;
; HDL message level                                                          ; Level2             ; Level2             ;
; Suppress Register Optimization Related Messages                            ; Off                ; Off                ;
; Number of Removed Registers Reported in Synthesis Report                   ; 5000               ; 5000               ;
; Number of Swept Nodes Reported in Synthesis Report                         ; 5000               ; 5000               ;
; Number of Inverted Registers Reported in Synthesis Report                  ; 100                ; 100                ;
; Clock MUX Protection                                                       ; On                 ; On                 ;
; Auto Gated Clock Conversion                                                ; Off                ; Off                ;
; Block Design Naming                                                        ; Auto               ; Auto               ;
; SDC constraint protection                                                  ; Off                ; Off                ;
; Synthesis Effort                                                           ; Auto               ; Auto               ;
; Shift Register Replacement - Allow Asynchronous Clear Signal               ; On                 ; On                 ;
; Pre-Mapping Resynthesis Optimization                                       ; Off                ; Off                ;
; Analysis & Synthesis Message Level                                         ; Medium             ; Medium             ;
; Disable Register Merging Across Hierarchies                                ; Auto               ; Auto               ;
; Resource Aware Inference For Block RAM                                     ; On                 ; On                 ;
; Synthesis Seed                                                             ; 1                  ; 1                  ;
+----------------------------------------------------------------------------+--------------------+--------------------+


+------------------------------------------+
; Parallel Compilation                     ;
+----------------------------+-------------+
; Processors                 ; Number      ;
+----------------------------+-------------+
; Number detected on machine ; 8           ;
; Maximum allowed            ; 4           ;
;                            ;             ;
; Average used               ; 1.00        ;
; Maximum used               ; 1           ;
;                            ;             ;
; Usage by Processor         ; % Time Used ;
;     Processor 1            ; 100.0%      ;
;     Processors 2-8         ;   0.0%      ;
+----------------------------+-------------+


+-----------------------------------------------------------------------------------------------------------------------------------+
; Analysis & Synthesis Source Files Read                                                                                            ;
+----------------------------------+-----------------+------------------------+-------------------------------------------+---------+
; File Name with User-Entered Path ; Used in Netlist ; File Type              ; File Name with Absolute Path              ; Library ;
+----------------------------------+-----------------+------------------------+-------------------------------------------+---------+
; ../rtl/write.v                   ; yes             ; User Verilog HDL File  ; E:/fpga/fpga_prac/sdram/rtl/write.v       ;         ;
; ../rtl/init.v                    ; yes             ; User Verilog HDL File  ; E:/fpga/fpga_prac/sdram/rtl/init.v        ;         ;
; ../rtl/sdram.v                   ; yes             ; User Verilog HDL File  ; E:/fpga/fpga_prac/sdram/rtl/sdram.v       ;         ;
; ../rtl/autorefresh.v             ; yes             ; User Verilog HDL File  ; E:/fpga/fpga_prac/sdram/rtl/autorefresh.v ;         ;
; ../rtl/read.v                    ; yes             ; User Verilog HDL File  ; E:/fpga/fpga_prac/sdram/rtl/read.v        ;         ;
+----------------------------------+-----------------+------------------------+-------------------------------------------+---------+


+------------------------------------------------------------------+
; Analysis & Synthesis Resource Usage Summary                      ;
+---------------------------------------------+--------------------+
; Resource                                    ; Usage              ;
+---------------------------------------------+--------------------+
;                                             ;                    ;
; Total combinational functions               ; 0                  ;
; Logic element usage by number of LUT inputs ;                    ;
;     -- 4 input functions                    ; 0                  ;
;     -- 3 input functions                    ; 0                  ;
;     -- <=2 input functions                  ; 0                  ;
;                                             ;                    ;
; Logic elements by mode                      ;                    ;
;     -- normal mode                          ; 0                  ;
;     -- arithmetic mode                      ; 0                  ;
;                                             ;                    ;
; Total registers                             ; 0                  ;
;     -- Dedicated logic registers            ; 0                  ;
;     -- I/O registers                        ; 0                  ;
;                                             ;                    ;
; I/O pins                                    ; 41                 ;
; Embedded Multiplier 9-bit elements          ; 0                  ;
; Maximum fan-out node                        ; sdram_dq[0]~output ;
; Maximum fan-out                             ; 1                  ;
; Total fan-out                               ; 58                 ;
; Average fan-out                             ; 0.59               ;
+---------------------------------------------+--------------------+


+-----------------------------------------------------------------------------------------------------------------------------------------------------------------------------+
; Analysis & Synthesis Resource Utilization by Entity                                                                                                                         ;
+----------------------------+-------------------+--------------+-------------+--------------+---------+-----------+------+--------------+---------------------+--------------+
; Compilation Hierarchy Node ; LC Combinationals ; LC Registers ; Memory Bits ; DSP Elements ; DSP 9x9 ; DSP 18x18 ; Pins ; Virtual Pins ; Full Hierarchy Name ; Library Name ;
+----------------------------+-------------------+--------------+-------------+--------------+---------+-----------+------+--------------+---------------------+--------------+
; |sdram                     ; 0 (0)             ; 0 (0)        ; 0           ; 0            ; 0       ; 0         ; 41   ; 0            ; |sdram              ; work         ;
+----------------------------+-------------------+--------------+-------------+--------------+---------+-----------+------+--------------+---------------------+--------------+
Note: For table entries with two numbers listed, the numbers in parentheses indicate the number of resources of the given type used by the specific entity alone. The numbers listed outside of parentheses indicate the total resources of the given type used by the specific entity and all of its sub-entities in the hierarchy.


Encoding Type:  One-Hot
+---------------------------------------------------------------------------------------------------------------------------------+
; State Machine - |sdram|state_sdram                                                                                              ;
+-------------------------+------------------+-------------------+-------------------------+-------------------+------------------+
; Name                    ; state_sdram.READ ; state_sdram.WRITE ; state_sdram.REFRESH_TOP ; state_sdram.ARBIT ; state_sdram.IDLE ;
+-------------------------+------------------+-------------------+-------------------------+-------------------+------------------+
; state_sdram.IDLE        ; 0                ; 0                 ; 0                       ; 0                 ; 0                ;
; state_sdram.ARBIT       ; 0                ; 0                 ; 0                       ; 1                 ; 1                ;
; state_sdram.REFRESH_TOP ; 0                ; 0                 ; 1                       ; 0                 ; 1                ;
; state_sdram.WRITE       ; 0                ; 1                 ; 0                       ; 0                 ; 1                ;
; state_sdram.READ        ; 1                ; 0                 ; 0                       ; 0                 ; 1                ;
+-------------------------+------------------+-------------------+-------------------------+-------------------+------------------+


Encoding Type:  One-Hot
+--------------------------------------------------------------------------------------------------------------------+
; State Machine - |sdram|read:u_read|rd_state                                                                        ;
+-----------------------+----------------+-----------------+-----------------+---------------+-----------------------+
; Name                  ; rd_state.RD_RD ; rd_state.RD_ACT ; rd_state.RD_REQ ; rd_state.IDLE ; rd_state.RD_PRECHARGE ;
+-----------------------+----------------+-----------------+-----------------+---------------+-----------------------+
; rd_state.IDLE         ; 0              ; 0               ; 0               ; 0             ; 0                     ;
; rd_state.RD_REQ       ; 0              ; 0               ; 1               ; 1             ; 0                     ;
; rd_state.RD_ACT       ; 0              ; 1               ; 0               ; 1             ; 0                     ;
; rd_state.RD_RD        ; 1              ; 0               ; 0               ; 1             ; 0                     ;
; rd_state.RD_PRECHARGE ; 0              ; 0               ; 0               ; 1             ; 1                     ;
+-----------------------+----------------+-----------------+-----------------+---------------+-----------------------+


Encoding Type:  One-Hot
+--------------------------------------------------------------------------------------------------------------------+
; State Machine - |sdram|write:u_write|wr_state                                                                      ;
+-----------------------+----------------+-----------------+-----------------+---------------+-----------------------+
; Name                  ; wr_state.WR_WR ; wr_state.WR_ACT ; wr_state.WR_REQ ; wr_state.IDLE ; wr_state.WR_PRECHARGE ;
+-----------------------+----------------+-----------------+-----------------+---------------+-----------------------+
; wr_state.IDLE         ; 0              ; 0               ; 0               ; 0             ; 0                     ;
; wr_state.WR_REQ       ; 0              ; 0               ; 1               ; 1             ; 0                     ;
; wr_state.WR_ACT       ; 0              ; 1               ; 0               ; 1             ; 0                     ;
; wr_state.WR_WR        ; 1              ; 0               ; 0               ; 1             ; 0                     ;
; wr_state.WR_PRECHARGE ; 0              ; 0               ; 0               ; 1             ; 1                     ;
+-----------------------+----------------+-----------------+-----------------+---------------+-----------------------+


+--------------------------------------------------------------------------------------------+
; Registers Removed During Synthesis                                                         ;
+-----------------------------------------+--------------------------------------------------+
; Register name                           ; Reason for Removal                               ;
+-----------------------------------------+--------------------------------------------------+
; read:u_read|read_req                    ; Stuck at GND due to stuck port data_in           ;
; read:u_read|rd_flag                     ; Stuck at GND due to stuck port clock_enable      ;
; read:u_read|data_end_flag               ; Stuck at GND due to stuck port data_in           ;
; read:u_read|rd_cmd[3]                   ; Stuck at GND due to stuck port data_in           ;
; write:u_write|data_end_flag             ; Stuck at GND due to stuck port data_in           ;
; write:u_write|wr_cmd[3]                 ; Stuck at GND due to stuck port data_in           ;
; autorefresh:u_autorefresh|ref_cnt[0..9] ; Stuck at GND due to stuck port data_in           ;
; autorefresh:u_autorefresh|ref_cmd[3]    ; Stuck at GND due to stuck port data_in           ;
; read_en                                 ; Stuck at GND due to stuck port data_in           ;
; write:u_write|row_addr[1,5]             ; Merged with read:u_read|row_addr[11]             ;
; read:u_read|row_addr[1]                 ; Merged with read:u_read|row_addr[11]             ;
; write:u_write|row_addr[7,11]            ; Merged with read:u_read|row_addr[11]             ;
; read:u_read|row_addr[3]                 ; Merged with read:u_read|row_addr[11]             ;
; write:u_write|row_addr[3]               ; Merged with read:u_read|row_addr[11]             ;
; read:u_read|row_addr[7]                 ; Merged with read:u_read|row_addr[11]             ;
; write:u_write|row_addr[0]               ; Merged with read:u_read|row_addr[11]             ;
; read:u_read|row_addr[6]                 ; Merged with read:u_read|row_addr[11]             ;
; write:u_write|row_addr[8,10]            ; Merged with read:u_read|row_addr[11]             ;
; read:u_read|row_addr[4]                 ; Merged with read:u_read|row_addr[11]             ;
; write:u_write|row_addr[6]               ; Merged with read:u_read|row_addr[11]             ;
; read:u_read|row_addr[8]                 ; Merged with read:u_read|row_addr[11]             ;
; write:u_write|row_addr[4]               ; Merged with read:u_read|row_addr[11]             ;
; read:u_read|row_addr[2]                 ; Merged with read:u_read|row_addr[11]             ;
; write:u_write|row_addr[2]               ; Merged with read:u_read|row_addr[11]             ;
; read:u_read|row_addr[0,5,9,10]          ; Merged with read:u_read|row_addr[11]             ;
; write:u_write|row_addr[9]               ; Merged with read:u_read|row_addr[11]             ;
; write:u_write|wr_addr[7..9]             ; Merged with write:u_write|wr_addr[11]            ;
; read:u_read|rd_addr[7..9]               ; Merged with read:u_read|rd_addr[11]              ;
; read:u_read|row_addr[11]                ; Stuck at GND due to stuck port data_in           ;
; ref_en                                  ; Stuck at GND due to stuck port data_in           ;
; autorefresh:u_autorefresh|flag_ref      ; Stuck at GND due to stuck port data_in           ;
; autorefresh:u_autorefresh|cmd_cnt[0..3] ; Stuck at GND due to stuck port data_in           ;
; autorefresh:u_autorefresh|ref_cmd[1]    ; Merged with autorefresh:u_autorefresh|ref_cmd[2] ;
; autorefresh:u_autorefresh|ref_cmd[2]    ; Merged with autorefresh:u_autorefresh|ref_cmd[0] ;
; write:u_write|wr_flag                   ; Lost fanout                                      ;
; read:u_read|rd_addr[11]                 ; Stuck at GND due to stuck port data_in           ;
; write:u_write|wr_addr[11]               ; Stuck at GND due to stuck port data_in           ;
; state_sdram~5                           ; Lost fanout                                      ;
; state_sdram~6                           ; Lost fanout                                      ;
; state_sdram~7                           ; Lost fanout                                      ;
; read:u_read|rd_state~6                  ; Lost fanout                                      ;
; read:u_read|rd_state~7                  ; Lost fanout                                      ;
; write:u_write|wr_state~6                ; Lost fanout                                      ;
; write:u_write|wr_state~7                ; Lost fanout                                      ;
; read:u_read|rd_state.RD_PRECHARGE       ; Merged with read:u_read|rd_state.IDLE            ;
; read:u_read|rd_state.RD_REQ             ; Merged with read:u_read|rd_state.IDLE            ;
; state_sdram.IDLE                        ; Merged with read:u_read|rd_state.IDLE            ;
; state_sdram.READ                        ; Merged with read:u_read|rd_state.IDLE            ;
; state_sdram.REFRESH_TOP                 ; Merged with read:u_read|rd_state.IDLE            ;
; write:u_write|wr_state.WR_PRECHARGE     ; Merged with read:u_read|rd_state.IDLE            ;
; write:u_write|break_cnt[3]              ; Merged with read:u_read|break_cnt[3]             ;
; write:u_write|break_cnt[2]              ; Merged with read:u_read|break_cnt[2]             ;
; write:u_write|break_cnt[1]              ; Merged with read:u_read|break_cnt[1]             ;
; write:u_write|break_cnt[0]              ; Merged with read:u_read|break_cnt[0]             ;
; read:u_read|rd_cmd[2]                   ; Stuck at VCC due to stuck port data_in           ;
; read:u_read|rd_addr[0..6]               ; Stuck at GND due to stuck port clock_enable      ;
; read:u_read|burst_cnt_t[0,1]            ; Lost fanout                                      ;
; read:u_read|rd_addr[10]                 ; Stuck at GND due to stuck port clock_enable      ;
; state_sdram.ARBIT                       ; Stuck at GND due to stuck port data_in           ;
; read:u_read|rd_state.IDLE               ; Stuck at GND due to stuck port data_in           ;
; read:u_read|rd_state.RD_ACT             ; Stuck at GND due to stuck port data_in           ;
; read:u_read|rd_cmd[0]                   ; Stuck at VCC due to stuck port data_in           ;
; write_en                                ; Stuck at GND due to stuck port data_in           ;
; read:u_read|act_cnt[0..3]               ; Stuck at GND due to stuck port data_in           ;
; read:u_read|break_cnt[0..3]             ; Stuck at GND due to stuck port data_in           ;
; read:u_read|act_end_flag                ; Stuck at GND due to stuck port data_in           ;
; state_sdram.WRITE                       ; Stuck at GND due to stuck port data_in           ;
; read:u_read|rd_state.RD_RD              ; Stuck at GND due to stuck port data_in           ;
; read:u_read|rd_cmd[1]                   ; Stuck at VCC due to stuck port data_in           ;
; read:u_read|burst_cnt[0]                ; Stuck at GND due to stuck port data_in           ;
; read:u_read|burst_cnt[1]                ; Stuck at GND due to stuck port sclear            ;
; read:u_read|col_cnt[0..6]               ; Stuck at GND due to stuck port clock_enable      ;
; write:u_write|wr_state.WR_ACT           ; Stuck at GND due to stuck port data_in           ;
; write:u_write|act_cnt[0..3]             ; Stuck at GND due to stuck port data_in           ;
; write:u_write|act_end_flag              ; Stuck at GND due to stuck port data_in           ;
; write:u_write|wr_state.WR_WR            ; Stuck at GND due to stuck port data_in           ;
; write:u_write|wr_cmd[0,1]               ; Stuck at VCC due to stuck port data_in           ;
; write:u_write|wr_addr[0..6,10]          ; Stuck at GND due to stuck port data_in           ;
; write:u_write|burst_cnt[0]              ; Stuck at GND due to stuck port data_in           ;
; write:u_write|burst_cnt[1]              ; Stuck at GND due to stuck port sclear            ;
; write:u_write|burst_cnt_t[0,1]          ; Stuck at GND due to stuck port data_in           ;
; write:u_write|col_cnt[0..6]             ; Stuck at GND due to stuck port clock_enable      ;
; write:u_write|wr_state.IDLE             ; Lost fanout                                      ;
; write:u_write|wr_state.WR_REQ           ; Lost fanout                                      ;
; Total Number of Removed Registers = 143 ;                                                  ;
+-----------------------------------------+--------------------------------------------------+


+------------------------------------------------------------------------------------------------------------------------------------------------------+
; Removed Registers Triggering Further Register Optimizations                                                                                          ;
+--------------------------------------+---------------------------+-----------------------------------------------------------------------------------+
; Register name                        ; Reason for Removal        ; Registers Removed due to This Register                                            ;
+--------------------------------------+---------------------------+-----------------------------------------------------------------------------------+
; write:u_write|data_end_flag          ; Stuck at GND              ; write:u_write|wr_addr[11], write:u_write|wr_cmd[1], write:u_write|wr_cmd[0],      ;
;                                      ; due to stuck port data_in ; write:u_write|wr_addr[0], write:u_write|wr_addr[1], write:u_write|wr_addr[2],     ;
;                                      ;                           ; write:u_write|wr_addr[3], write:u_write|wr_addr[4], write:u_write|wr_addr[5],     ;
;                                      ;                           ; write:u_write|wr_addr[6], write:u_write|wr_addr[10], write:u_write|burst_cnt[0],  ;
;                                      ;                           ; write:u_write|burst_cnt[1], write:u_write|burst_cnt_t[1],                         ;
;                                      ;                           ; write:u_write|burst_cnt_t[0], write:u_write|col_cnt[6], write:u_write|col_cnt[5], ;
;                                      ;                           ; write:u_write|col_cnt[4], write:u_write|col_cnt[3], write:u_write|col_cnt[2],     ;
;                                      ;                           ; write:u_write|col_cnt[1], write:u_write|col_cnt[0]                                ;
; read:u_read|data_end_flag            ; Stuck at GND              ; read:u_read|rd_addr[11], read:u_read|rd_cmd[2], read:u_read|rd_addr[0],           ;
;                                      ; due to stuck port data_in ; read:u_read|rd_addr[1], read:u_read|rd_addr[2], read:u_read|rd_addr[3],           ;
;                                      ;                           ; read:u_read|rd_addr[4], read:u_read|rd_addr[5], read:u_read|rd_addr[6],           ;
;                                      ;                           ; read:u_read|burst_cnt_t[1], read:u_read|rd_addr[10], read:u_read|rd_cmd[1],       ;
;                                      ;                           ; read:u_read|burst_cnt[0], read:u_read|burst_cnt[1], read:u_read|col_cnt[6],       ;
;                                      ;                           ; read:u_read|col_cnt[5], read:u_read|col_cnt[4], read:u_read|col_cnt[3],           ;
;                                      ;                           ; read:u_read|col_cnt[2], read:u_read|col_cnt[1], read:u_read|col_cnt[0]            ;
; autorefresh:u_autorefresh|ref_cnt[9] ; Stuck at GND              ; ref_en, autorefresh:u_autorefresh|flag_ref, autorefresh:u_autorefresh|cmd_cnt[3], ;
;                                      ; due to stuck port data_in ; autorefresh:u_autorefresh|cmd_cnt[1], autorefresh:u_autorefresh|cmd_cnt[0],       ;
;                                      ;                           ; write:u_write|wr_flag, write_en, write:u_write|wr_state.WR_ACT,                   ;
;                                      ;                           ; write:u_write|act_cnt[3], write:u_write|act_cnt[2], write:u_write|act_cnt[1],     ;
;                                      ;                           ; write:u_write|act_end_flag, write:u_write|wr_state.WR_WR                          ;
; read:u_read|read_req                 ; Stuck at GND              ; read_en, read:u_read|act_cnt[3], read:u_read|act_cnt[2], read:u_read|act_cnt[1],  ;
;                                      ; due to stuck port data_in ; read:u_read|act_cnt[0], read:u_read|act_end_flag                                  ;
; read:u_read|rd_state.IDLE            ; Stuck at GND              ; read:u_read|rd_cmd[0], write:u_write|wr_state.IDLE, write:u_write|wr_state.WR_REQ ;
;                                      ; due to stuck port data_in ;                                                                                   ;
; read:u_read|rd_state.RD_ACT          ; Stuck at GND              ; read:u_read|rd_state.RD_RD                                                        ;
;                                      ; due to stuck port data_in ;                                                                                   ;
+--------------------------------------+---------------------------+-----------------------------------------------------------------------------------+


+------------------------------------------------------+
; General Register Statistics                          ;
+----------------------------------------------+-------+
; Statistic                                    ; Value ;
+----------------------------------------------+-------+
; Total registers                              ; 0     ;
; Number of registers using Synchronous Clear  ; 0     ;
; Number of registers using Synchronous Load   ; 0     ;
; Number of registers using Asynchronous Clear ; 0     ;
; Number of registers using Asynchronous Load  ; 0     ;
; Number of registers using Clock Enable       ; 0     ;
; Number of registers using Preset             ; 0     ;
+----------------------------------------------+-------+


+------------------------------------------------------------------------------------------------------------------------------------------------+
; Multiplexer Restructuring Statistics (Restructuring Performed)                                                                                 ;
+--------------------+-----------+---------------+----------------------+------------------------+------------+----------------------------------+
; Multiplexer Inputs ; Bus Width ; Baseline Area ; Area if Restructured ; Saving if Restructured ; Registered ; Example Multiplexer Output       ;
+--------------------+-----------+---------------+----------------------+------------------------+------------+----------------------------------+
; 6:1                ; 2 bits    ; 8 LEs         ; 4 LEs                ; 4 LEs                  ; Yes        ; |sdram|write:u_write|wr_addr[11] ;
; 6:1                ; 7 bits    ; 28 LEs        ; 7 LEs                ; 21 LEs                 ; Yes        ; |sdram|write:u_write|wr_addr[2]  ;
; 6:1                ; 2 bits    ; 8 LEs         ; 4 LEs                ; 4 LEs                  ; Yes        ; |sdram|read:u_read|rd_addr[10]   ;
; 6:1                ; 7 bits    ; 28 LEs        ; 7 LEs                ; 21 LEs                 ; Yes        ; |sdram|read:u_read|rd_addr[4]    ;
; 4:1                ; 3 bits    ; 6 LEs         ; 6 LEs                ; 0 LEs                  ; No         ; |sdram|Selector6                 ;
+--------------------+-----------+---------------+----------------------+------------------------+------------+----------------------------------+


+----------------------------------------------------------------------------------------------------------------------+
; Port Connectivity Checks: "init:u_init"                                                                              ;
+------------+--------+----------+-------------------------------------------------------------------------------------+
; Port       ; Type   ; Severity ; Details                                                                             ;
+------------+--------+----------+-------------------------------------------------------------------------------------+
; cmd_reg    ; Output ; Info     ; Connected to dangling logic. Logic that only feeds a dangling port will be removed. ;
; sdram_addr ; Output ; Info     ; Connected to dangling logic. Logic that only feeds a dangling port will be removed. ;
+------------+--------+----------+-------------------------------------------------------------------------------------+


+-------------------------------+
; Elapsed Time Per Partition    ;
+----------------+--------------+
; Partition Name ; Elapsed Time ;
+----------------+--------------+
; Top            ; 00:00:02     ;
+----------------+--------------+


+-------------------------------+
; Analysis & Synthesis Messages ;
+-------------------------------+
Info: *******************************************************************
Info: Running Quartus II 64-Bit Analysis & Synthesis
    Info: Version 13.1.0 Build 162 10/23/2013 SJ Full Version
    Info: Processing started: Fri Sep 10 17:10:02 2021
Info: Command: quartus_map --read_settings_files=on --write_settings_files=off sdram -c sdram
Info (11104): Parallel Compilation has detected 8 hyper-threaded processors. However, the extra hyper-threaded processors will not be used by default. Parallel Compilation will use 4 of the 4 physical processors detected instead.
Info (12021): Found 1 design units, including 1 entities, in source file /fpga/fpga_prac/sdram/rtl/write.v
    Info (12023): Found entity 1: write
Info (12021): Found 1 design units, including 1 entities, in source file /fpga/fpga_prac/sdram/rtl/init.v
    Info (12023): Found entity 1: init
Info (12021): Found 1 design units, including 1 entities, in source file /fpga/fpga_prac/sdram/rtl/sdram.v
    Info (12023): Found entity 1: sdram
Info (12021): Found 1 design units, including 1 entities, in source file /fpga/fpga_prac/sdram/rtl/autorefresh.v
    Info (12023): Found entity 1: autorefresh
Info (12021): Found 1 design units, including 1 entities, in source file /fpga/fpga_prac/sdram/rtl/read.v
    Info (12023): Found entity 1: read
Warning (10236): Verilog HDL Implicit Net warning at sdram.v(261): created implicit net for "read_end_flag"
Warning (10236): Verilog HDL Implicit Net warning at sdram.v(270): created implicit net for "rd_trigger"
Info (12127): Elaborating entity "sdram" for the top level hierarchy
Info (10264): Verilog HDL Case Statement information at sdram.v(187): all case item expressions in this case statement are onehot
Info (12128): Elaborating entity "init" for hierarchy "init:u_init"
Warning (10230): Verilog HDL assignment warning at init.v(55): truncated value with size 32 to match size of target (14)
Warning (10230): Verilog HDL assignment warning at init.v(68): truncated value with size 32 to match size of target (4)
Warning (10030): Net "init_end_flag" at init.v(25) has no driver or initial value, using a default initial value '0'
Info (12128): Elaborating entity "autorefresh" for hierarchy "autorefresh:u_autorefresh"
Warning (10230): Verilog HDL assignment warning at autorefresh.v(55): truncated value with size 32 to match size of target (10)
Warning (10230): Verilog HDL assignment warning at autorefresh.v(88): truncated value with size 32 to match size of target (4)
Info (10264): Verilog HDL Case Statement information at autorefresh.v(101): all case item expressions in this case statement are onehot
Warning (10030): Net "ref_end_flag" at autorefresh.v(15) has no driver or initial value, using a default initial value '0'
Info (12128): Elaborating entity "write" for hierarchy "write:u_write"
Warning (10036): Verilog HDL or VHDL warning at write.v(55): object "precharge_end_flag" assigned a value but never read
Warning (10858): Verilog HDL warning at write.v(57): object sd_row_end used but never assigned
Info (10264): Verilog HDL Case Statement information at write.v(226): all case item expressions in this case statement are onehot
Info (10264): Verilog HDL Case Statement information at write.v(258): all case item expressions in this case statement are onehot
Warning (10030): Net "write_end_flag" at write.v(18) has no driver or initial value, using a default initial value '0'
Warning (10030): Net "sd_row_end" at write.v(57) has no driver or initial value, using a default initial value '0'
Info (12128): Elaborating entity "read" for hierarchy "read:u_read"
Warning (10036): Verilog HDL or VHDL warning at read.v(50): object "precharge_end_flag" assigned a value but never read
Warning (10858): Verilog HDL warning at read.v(52): object sd_row_end used but never assigned
Info (10264): Verilog HDL Case Statement information at read.v(221): all case item expressions in this case statement are onehot
Info (10264): Verilog HDL Case Statement information at read.v(253): all case item expressions in this case statement are onehot
Warning (10030): Net "read_end_flag" at read.v(13) has no driver or initial value, using a default initial value '0'
Warning (10030): Net "sd_row_end" at read.v(52) has no driver or initial value, using a default initial value '0'
Warning (13008): TRI or OPNDRN buffers permanently disabled
    Warning (13010): Node "sdram_dq[0]~synth"
    Warning (13010): Node "sdram_dq[2]~synth"
Warning (13024): Output pins are stuck at VCC or GND
    Warning (13410): Pin "sdram_clk_en" is stuck at VCC
    Warning (13410): Pin "sdram_cs_n" is stuck at GND
    Warning (13410): Pin "sdram_cas_n" is stuck at VCC
    Warning (13410): Pin "sdram_ras_n" is stuck at VCC
    Warning (13410): Pin "sdram_we_n" is stuck at VCC
    Warning (13410): Pin "sdram_bank[0]" is stuck at GND
    Warning (13410): Pin "sdram_bank[1]" is stuck at GND
    Warning (13410): Pin "sdram_addr[0]" is stuck at GND
    Warning (13410): Pin "sdram_addr[1]" is stuck at GND
    Warning (13410): Pin "sdram_addr[2]" is stuck at GND
    Warning (13410): Pin "sdram_addr[3]" is stuck at GND
    Warning (13410): Pin "sdram_addr[4]" is stuck at GND
    Warning (13410): Pin "sdram_addr[5]" is stuck at GND
    Warning (13410): Pin "sdram_addr[6]" is stuck at GND
    Warning (13410): Pin "sdram_addr[7]" is stuck at GND
    Warning (13410): Pin "sdram_addr[8]" is stuck at GND
    Warning (13410): Pin "sdram_addr[9]" is stuck at GND
    Warning (13410): Pin "sdram_addr[10]" is stuck at GND
    Warning (13410): Pin "sdram_addr[11]" is stuck at GND
    Warning (13410): Pin "sdram_dqm[0]" is stuck at GND
    Warning (13410): Pin "sdram_dqm[1]" is stuck at GND
Info (17049): 12 registers lost all their fanouts during netlist optimizations.
Info (16010): Generating hard_block partition "hard_block:auto_generated_inst"
    Info (16011): Adding 0 node(s), including 0 DDIO, 0 PLL, 0 transceiver and 0 LCELL
Warning (21074): Design contains 2 input pin(s) that do not drive logic
    Warning (15610): No output dependent on input pin "sys_rst"
    Warning (15610): No output dependent on input pin "wr_trigger"
Info (21057): Implemented 41 device resources after synthesis - the final resource count might be different
    Info (21058): Implemented 3 input pins
    Info (21059): Implemented 22 output pins
    Info (21060): Implemented 16 bidirectional pins
Info: Quartus II 64-Bit Analysis & Synthesis was successful. 0 errors, 44 warnings
    Info: Peak virtual memory: 4632 megabytes
    Info: Processing ended: Fri Sep 10 17:10:08 2021
    Info: Elapsed time: 00:00:06
    Info: Total CPU time (on all processors): 00:00:02


