Analysis & Synthesis report for audio_speak
Thu Jul 01 01:50:58 2021
Quartus II 64-Bit Version 13.1.0 Build 162 10/23/2013 SJ Full Version


---------------------
; Table of Contents ;
---------------------
  1. Legal Notice
  2. Analysis & Synthesis Summary
  3. Analysis & Synthesis Settings
  4. Parallel Compilation
  5. Analysis & Synthesis Source Files Read
  6. Analysis & Synthesis Resource Usage Summary
  7. Analysis & Synthesis Resource Utilization by Entity
  8. Analysis & Synthesis IP Cores Summary
  9. State Machine - |audio_speak|wm8978_ctrl:u_wm8978_ctrl|wm8978_config:u_wm8978_config|i2c_dri:u_i2c_dri|cur_state
 10. Registers Removed During Synthesis
 11. Removed Registers Triggering Further Register Optimizations
 12. General Register Statistics
 13. Inverted Register Statistics
 14. Multiplexer Restructuring Statistics (Restructuring Performed)
 15. Parameter Settings for User Entity Instance: pll_clk:u_pll_clk|altpll:altpll_component
 16. Parameter Settings for User Entity Instance: wm8978_ctrl:u_wm8978_ctrl
 17. Parameter Settings for User Entity Instance: wm8978_ctrl:u_wm8978_ctrl|wm8978_config:u_wm8978_config
 18. Parameter Settings for User Entity Instance: wm8978_ctrl:u_wm8978_ctrl|wm8978_config:u_wm8978_config|i2c_reg_cfg:u_i2c_reg_cfg
 19. Parameter Settings for User Entity Instance: wm8978_ctrl:u_wm8978_ctrl|wm8978_config:u_wm8978_config|i2c_dri:u_i2c_dri
 20. Parameter Settings for User Entity Instance: wm8978_ctrl:u_wm8978_ctrl|audio_receive:u_audio_receive
 21. Parameter Settings for User Entity Instance: wm8978_ctrl:u_wm8978_ctrl|audio_send:u_audio_send
 22. altpll Parameter Settings by Entity Instance
 23. Port Connectivity Checks: "wm8978_ctrl:u_wm8978_ctrl|wm8978_config:u_wm8978_config|i2c_dri:u_i2c_dri"
 24. Port Connectivity Checks: "wm8978_ctrl:u_wm8978_ctrl|wm8978_config:u_wm8978_config|i2c_reg_cfg:u_i2c_reg_cfg"
 25. Port Connectivity Checks: "wm8978_ctrl:u_wm8978_ctrl|wm8978_config:u_wm8978_config"
 26. Port Connectivity Checks: "wm8978_ctrl:u_wm8978_ctrl"
 27. Port Connectivity Checks: "pll_clk:u_pll_clk"
 28. Elapsed Time Per Partition
 29. Analysis & Synthesis Messages
 30. Analysis & Synthesis Suppressed Messages



----------------
; Legal Notice ;
----------------
Copyright (C) 1991-2013 Altera Corporation
Your use of Altera Corporation's design tools, logic functions 
and other software and tools, and its AMPP partner logic 
functions, and any output files from any of the foregoing 
(including device programming or simulation files), and any 
associated documentation or information are expressly subject 
to the terms and conditions of the Altera Program License 
Subscription Agreement, Altera MegaCore Function License 
Agreement, or other applicable license agreement, including, 
without limitation, that your use is for the sole purpose of 
programming logic devices manufactured by Altera and sold by 
Altera or its authorized distributors.  Please refer to the 
applicable agreement for further details.



+----------------------------------------------------------------------------------+
; Analysis & Synthesis Summary                                                     ;
+------------------------------------+---------------------------------------------+
; Analysis & Synthesis Status        ; Successful - Thu Jul 01 01:50:58 2021       ;
; Quartus II 64-Bit Version          ; 13.1.0 Build 162 10/23/2013 SJ Full Version ;
; Revision Name                      ; audio_speak                                 ;
; Top-level Entity Name              ; audio_speak                                 ;
; Family                             ; Cyclone IV E                                ;
; Total logic elements               ; 307                                         ;
;     Total combinational functions  ; 223                                         ;
;     Dedicated logic registers      ; 177                                         ;
; Total registers                    ; 177                                         ;
; Total pins                         ; 9                                           ;
; Total virtual pins                 ; 0                                           ;
; Total memory bits                  ; 0                                           ;
; Embedded Multiplier 9-bit elements ; 0                                           ;
; Total PLLs                         ; 1                                           ;
+------------------------------------+---------------------------------------------+


+----------------------------------------------------------------------------------------------------------------------+
; Analysis & Synthesis Settings                                                                                        ;
+----------------------------------------------------------------------------+--------------------+--------------------+
; Option                                                                     ; Setting            ; Default Value      ;
+----------------------------------------------------------------------------+--------------------+--------------------+
; Device                                                                     ; EP4CE10F17C8       ;                    ;
; Top-level entity name                                                      ; audio_speak        ; audio_speak        ;
; Family name                                                                ; Cyclone IV E       ; Cyclone IV GX      ;
; Use smart compilation                                                      ; Off                ; Off                ;
; Enable parallel Assembler and TimeQuest Timing Analyzer during compilation ; On                 ; On                 ;
; Enable compact report table                                                ; Off                ; Off                ;
; Restructure Multiplexers                                                   ; Auto               ; Auto               ;
; Create Debugging Nodes for IP Cores                                        ; Off                ; Off                ;
; Preserve fewer node names                                                  ; On                 ; On                 ;
; Disable OpenCore Plus hardware evaluation                                  ; Off                ; Off                ;
; Verilog Version                                                            ; Verilog_2001       ; Verilog_2001       ;
; VHDL Version                                                               ; VHDL_1993          ; VHDL_1993          ;
; State Machine Processing                                                   ; Auto               ; Auto               ;
; Safe State Machine                                                         ; Off                ; Off                ;
; Extract Verilog State Machines                                             ; On                 ; On                 ;
; Extract VHDL State Machines                                                ; On                 ; On                 ;
; Ignore Verilog initial constructs                                          ; Off                ; Off                ;
; Iteration limit for constant Verilog loops                                 ; 5000               ; 5000               ;
; Iteration limit for non-constant Verilog loops                             ; 250                ; 250                ;
; Add Pass-Through Logic to Inferred RAMs                                    ; On                 ; On                 ;
; Infer RAMs from Raw Logic                                                  ; On                 ; On                 ;
; Parallel Synthesis                                                         ; On                 ; On                 ;
; DSP Block Balancing                                                        ; Auto               ; Auto               ;
; NOT Gate Push-Back                                                         ; On                 ; On                 ;
; Power-Up Don't Care                                                        ; On                 ; On                 ;
; Remove Redundant Logic Cells                                               ; Off                ; Off                ;
; Remove Duplicate Registers                                                 ; On                 ; On                 ;
; Ignore CARRY Buffers                                                       ; Off                ; Off                ;
; Ignore CASCADE Buffers                                                     ; Off                ; Off                ;
; Ignore GLOBAL Buffers                                                      ; Off                ; Off                ;
; Ignore ROW GLOBAL Buffers                                                  ; Off                ; Off                ;
; Ignore LCELL Buffers                                                       ; Off                ; Off                ;
; Ignore SOFT Buffers                                                        ; On                 ; On                 ;
; Limit AHDL Integers to 32 Bits                                             ; Off                ; Off                ;
; Optimization Technique                                                     ; Balanced           ; Balanced           ;
; Carry Chain Length                                                         ; 70                 ; 70                 ;
; Auto Carry Chains                                                          ; On                 ; On                 ;
; Auto Open-Drain Pins                                                       ; On                 ; On                 ;
; Perform WYSIWYG Primitive Resynthesis                                      ; Off                ; Off                ;
; Auto ROM Replacement                                                       ; On                 ; On                 ;
; Auto RAM Replacement                                                       ; On                 ; On                 ;
; Auto DSP Block Replacement                                                 ; On                 ; On                 ;
; Auto Shift Register Replacement                                            ; Auto               ; Auto               ;
; Allow Shift Register Merging across Hierarchies                            ; Auto               ; Auto               ;
; Auto Clock Enable Replacement                                              ; On                 ; On                 ;
; Strict RAM Replacement                                                     ; Off                ; Off                ;
; Allow Synchronous Control Signals                                          ; On                 ; On                 ;
; Force Use of Synchronous Clear Signals                                     ; Off                ; Off                ;
; Auto RAM Block Balancing                                                   ; On                 ; On                 ;
; Auto RAM to Logic Cell Conversion                                          ; Off                ; Off                ;
; Auto Resource Sharing                                                      ; Off                ; Off                ;
; Allow Any RAM Size For Recognition                                         ; Off                ; Off                ;
; Allow Any ROM Size For Recognition                                         ; Off                ; Off                ;
; Allow Any Shift Register Size For Recognition                              ; Off                ; Off                ;
; Use LogicLock Constraints during Resource Balancing                        ; On                 ; On                 ;
; Ignore translate_off and synthesis_off directives                          ; Off                ; Off                ;
; Timing-Driven Synthesis                                                    ; On                 ; On                 ;
; Report Parameter Settings                                                  ; On                 ; On                 ;
; Report Source Assignments                                                  ; On                 ; On                 ;
; Report Connectivity Checks                                                 ; On                 ; On                 ;
; Ignore Maximum Fan-Out Assignments                                         ; Off                ; Off                ;
; Synchronization Register Chain Length                                      ; 2                  ; 2                  ;
; PowerPlay Power Optimization                                               ; Normal compilation ; Normal compilation ;
; HDL message level                                                          ; Level2             ; Level2             ;
; Suppress Register Optimization Related Messages                            ; Off                ; Off                ;
; Number of Removed Registers Reported in Synthesis Report                   ; 5000               ; 5000               ;
; Number of Swept Nodes Reported in Synthesis Report                         ; 5000               ; 5000               ;
; Number of Inverted Registers Reported in Synthesis Report                  ; 100                ; 100                ;
; Clock MUX Protection                                                       ; On                 ; On                 ;
; Auto Gated Clock Conversion                                                ; Off                ; Off                ;
; Block Design Naming                                                        ; Auto               ; Auto               ;
; SDC constraint protection                                                  ; Off                ; Off                ;
; Synthesis Effort                                                           ; Auto               ; Auto               ;
; Shift Register Replacement - Allow Asynchronous Clear Signal               ; On                 ; On                 ;
; Pre-Mapping Resynthesis Optimization                                       ; Off                ; Off                ;
; Analysis & Synthesis Message Level                                         ; Medium             ; Medium             ;
; Disable Register Merging Across Hierarchies                                ; Auto               ; Auto               ;
; Resource Aware Inference For Block RAM                                     ; On                 ; On                 ;
; Synthesis Seed                                                             ; 1                  ; 1                  ;
+----------------------------------------------------------------------------+--------------------+--------------------+


+------------------------------------------+
; Parallel Compilation                     ;
+----------------------------+-------------+
; Processors                 ; Number      ;
+----------------------------+-------------+
; Number detected on machine ; 4           ;
; Maximum allowed            ; 4           ;
;                            ;             ;
; Average used               ; 1.00        ;
; Maximum used               ; 1           ;
;                            ;             ;
; Usage by Processor         ; % Time Used ;
;     Processor 1            ; 100.0%      ;
;     Processors 2-4         ;   0.0%      ;
+----------------------------+-------------+


+----------------------------------------------------------------------------------------------------------------------------------------------------------------+
; Analysis & Synthesis Source Files Read                                                                                                                         ;
+----------------------------------+-----------------+------------------------------+------------------------------------------------------------------+---------+
; File Name with User-Entered Path ; Used in Netlist ; File Type                    ; File Name with Absolute Path                                     ; Library ;
+----------------------------------+-----------------+------------------------------+------------------------------------------------------------------+---------+
; ipcore/pll_clk.v                 ; yes             ; User Wizard-Generated File   ; C:/Users/Zyyfo/Desktop/fpga_prac/prac6/par/ipcore/pll_clk.v      ;         ;
; ../rtl/i2c_reg_cfg.v             ; yes             ; User Verilog HDL File        ; C:/Users/Zyyfo/Desktop/fpga_prac/prac6/rtl/i2c_reg_cfg.v         ;         ;
; ../rtl/wm8978_ctrl.v             ; yes             ; User Verilog HDL File        ; C:/Users/Zyyfo/Desktop/fpga_prac/prac6/rtl/wm8978_ctrl.v         ;         ;
; ../rtl/wm8978_config.v           ; yes             ; User Verilog HDL File        ; C:/Users/Zyyfo/Desktop/fpga_prac/prac6/rtl/wm8978_config.v       ;         ;
; ../rtl/i2c_dri.v                 ; yes             ; User Verilog HDL File        ; C:/Users/Zyyfo/Desktop/fpga_prac/prac6/rtl/i2c_dri.v             ;         ;
; ../rtl/audio_speak.v             ; yes             ; User Verilog HDL File        ; C:/Users/Zyyfo/Desktop/fpga_prac/prac6/rtl/audio_speak.v         ;         ;
; ../rtl/audio_receive.v           ; yes             ; User Verilog HDL File        ; C:/Users/Zyyfo/Desktop/fpga_prac/prac6/rtl/audio_receive.v       ;         ;
; ../rtl/audio_send.v              ; yes             ; User Verilog HDL File        ; C:/Users/Zyyfo/Desktop/fpga_prac/prac6/rtl/audio_send.v          ;         ;
; altpll.tdf                       ; yes             ; Megafunction                 ; c:/altera/13.1/quartus/libraries/megafunctions/altpll.tdf        ;         ;
; aglobal131.inc                   ; yes             ; Megafunction                 ; c:/altera/13.1/quartus/libraries/megafunctions/aglobal131.inc    ;         ;
; stratix_pll.inc                  ; yes             ; Megafunction                 ; c:/altera/13.1/quartus/libraries/megafunctions/stratix_pll.inc   ;         ;
; stratixii_pll.inc                ; yes             ; Megafunction                 ; c:/altera/13.1/quartus/libraries/megafunctions/stratixii_pll.inc ;         ;
; cycloneii_pll.inc                ; yes             ; Megafunction                 ; c:/altera/13.1/quartus/libraries/megafunctions/cycloneii_pll.inc ;         ;
; db/pll_clk_altpll.v              ; yes             ; Auto-Generated Megafunction  ; C:/Users/Zyyfo/Desktop/fpga_prac/prac6/par/db/pll_clk_altpll.v   ;         ;
+----------------------------------+-----------------+------------------------------+------------------------------------------------------------------+---------+


+-------------------------------------------------------------+
; Analysis & Synthesis Resource Usage Summary                 ;
+---------------------------------------------+---------------+
; Resource                                    ; Usage         ;
+---------------------------------------------+---------------+
; Estimated Total logic elements              ; 307           ;
;                                             ;               ;
; Total combinational functions               ; 223           ;
; Logic element usage by number of LUT inputs ;               ;
;     -- 4 input functions                    ; 139           ;
;     -- 3 input functions                    ; 30            ;
;     -- <=2 input functions                  ; 54            ;
;                                             ;               ;
; Logic elements by mode                      ;               ;
;     -- normal mode                          ; 197           ;
;     -- arithmetic mode                      ; 26            ;
;                                             ;               ;
; Total registers                             ; 177           ;
;     -- Dedicated logic registers            ; 177           ;
;     -- I/O registers                        ; 0             ;
;                                             ;               ;
; I/O pins                                    ; 9             ;
; Embedded Multiplier 9-bit elements          ; 0             ;
; Total PLLs                                  ; 1             ;
;     -- PLLs                                 ; 1             ;
;                                             ;               ;
; Maximum fan-out node                        ; sys_rst~input ;
; Maximum fan-out                             ; 178           ;
; Total fan-out                               ; 1435          ;
; Average fan-out                             ; 3.42          ;
+---------------------------------------------+---------------+


+----------------------------------------------------------------------------------------------------------------------------------------------------------------------------------------------------------------------------------------------------------------------+
; Analysis & Synthesis Resource Utilization by Entity                                                                                                                                                                                                                  ;
+------------------------------------------+-------------------+--------------+-------------+--------------+---------+-----------+------+--------------+------------------------------------------------------------------------------------------------+--------------+
; Compilation Hierarchy Node               ; LC Combinationals ; LC Registers ; Memory Bits ; DSP Elements ; DSP 9x9 ; DSP 18x18 ; Pins ; Virtual Pins ; Full Hierarchy Name                                                                            ; Library Name ;
+------------------------------------------+-------------------+--------------+-------------+--------------+---------+-----------+------+--------------+------------------------------------------------------------------------------------------------+--------------+
; |audio_speak                             ; 223 (0)           ; 177 (0)      ; 0           ; 0            ; 0       ; 0         ; 9    ; 0            ; |audio_speak                                                                                   ; work         ;
;    |pll_clk:u_pll_clk|                   ; 0 (0)             ; 0 (0)        ; 0           ; 0            ; 0       ; 0         ; 0    ; 0            ; |audio_speak|pll_clk:u_pll_clk                                                                 ; work         ;
;       |altpll:altpll_component|          ; 0 (0)             ; 0 (0)        ; 0           ; 0            ; 0       ; 0         ; 0    ; 0            ; |audio_speak|pll_clk:u_pll_clk|altpll:altpll_component                                         ; work         ;
;          |pll_clk_altpll:auto_generated| ; 0 (0)             ; 0 (0)        ; 0           ; 0            ; 0       ; 0         ; 0    ; 0            ; |audio_speak|pll_clk:u_pll_clk|altpll:altpll_component|pll_clk_altpll:auto_generated           ; work         ;
;    |wm8978_ctrl:u_wm8978_ctrl|           ; 223 (0)           ; 177 (0)      ; 0           ; 0            ; 0       ; 0         ; 0    ; 0            ; |audio_speak|wm8978_ctrl:u_wm8978_ctrl                                                         ; work         ;
;       |audio_receive:u_audio_receive|    ; 64 (64)           ; 71 (71)      ; 0           ; 0            ; 0       ; 0         ; 0    ; 0            ; |audio_speak|wm8978_ctrl:u_wm8978_ctrl|audio_receive:u_audio_receive                           ; work         ;
;       |audio_send:u_audio_send|          ; 21 (21)           ; 33 (33)      ; 0           ; 0            ; 0       ; 0         ; 0    ; 0            ; |audio_speak|wm8978_ctrl:u_wm8978_ctrl|audio_send:u_audio_send                                 ; work         ;
;       |wm8978_config:u_wm8978_config|    ; 138 (0)           ; 73 (0)       ; 0           ; 0            ; 0       ; 0         ; 0    ; 0            ; |audio_speak|wm8978_ctrl:u_wm8978_ctrl|wm8978_config:u_wm8978_config                           ; work         ;
;          |i2c_dri:u_i2c_dri|             ; 86 (86)           ; 43 (43)      ; 0           ; 0            ; 0       ; 0         ; 0    ; 0            ; |audio_speak|wm8978_ctrl:u_wm8978_ctrl|wm8978_config:u_wm8978_config|i2c_dri:u_i2c_dri         ; work         ;
;          |i2c_reg_cfg:u_i2c_reg_cfg|     ; 52 (52)           ; 30 (30)      ; 0           ; 0            ; 0       ; 0         ; 0    ; 0            ; |audio_speak|wm8978_ctrl:u_wm8978_ctrl|wm8978_config:u_wm8978_config|i2c_reg_cfg:u_i2c_reg_cfg ; work         ;
+------------------------------------------+-------------------+--------------+-------------+--------------+---------+-----------+------+--------------+------------------------------------------------------------------------------------------------+--------------+
Note: For table entries with two numbers listed, the numbers in parentheses indicate the number of resources of the given type used by the specific entity alone. The numbers listed outside of parentheses indicate the total resources of the given type used by the specific entity and all of its sub-entities in the hierarchy.


+--------------------------------------------------------------------------------------------------------------------------------------------------------------+
; Analysis & Synthesis IP Cores Summary                                                                                                                        ;
+--------+--------------+---------+--------------+--------------+--------------------------------+-------------------------------------------------------------+
; Vendor ; IP Core Name ; Version ; Release Date ; License Type ; Entity Instance                ; IP Include File                                             ;
+--------+--------------+---------+--------------+--------------+--------------------------------+-------------------------------------------------------------+
; Altera ; ALTPLL       ; 13.1    ; N/A          ; N/A          ; |audio_speak|pll_clk:u_pll_clk ; C:/Users/Zyyfo/Desktop/fpga_prac/prac6/par/ipcore/pll_clk.v ;
+--------+--------------+---------+--------------+--------------+--------------------------------+-------------------------------------------------------------+


Encoding Type:  One-Hot
+----------------------------------------------------------------------------------------------------------------------------------------------------------------------------------------------------+
; State Machine - |audio_speak|wm8978_ctrl:u_wm8978_ctrl|wm8978_config:u_wm8978_config|i2c_dri:u_i2c_dri|cur_state                                                                                   ;
+----------------------+-------------------+----------------------+----------------------+----------------------+--------------------+---------------------+---------------------+-------------------+
; Name                 ; cur_state.st_stop ; cur_state.st_data_rd ; cur_state.st_addr_rd ; cur_state.st_data_wr ; cur_state.st_addr8 ; cur_state.st_addr16 ; cur_state.st_sladdr ; cur_state.st_idle ;
+----------------------+-------------------+----------------------+----------------------+----------------------+--------------------+---------------------+---------------------+-------------------+
; cur_state.st_idle    ; 0                 ; 0                    ; 0                    ; 0                    ; 0                  ; 0                   ; 0                   ; 0                 ;
; cur_state.st_sladdr  ; 0                 ; 0                    ; 0                    ; 0                    ; 0                  ; 0                   ; 1                   ; 1                 ;
; cur_state.st_addr16  ; 0                 ; 0                    ; 0                    ; 0                    ; 0                  ; 1                   ; 0                   ; 1                 ;
; cur_state.st_addr8   ; 0                 ; 0                    ; 0                    ; 0                    ; 1                  ; 0                   ; 0                   ; 1                 ;
; cur_state.st_data_wr ; 0                 ; 0                    ; 0                    ; 1                    ; 0                  ; 0                   ; 0                   ; 1                 ;
; cur_state.st_addr_rd ; 0                 ; 0                    ; 1                    ; 0                    ; 0                  ; 0                   ; 0                   ; 1                 ;
; cur_state.st_data_rd ; 0                 ; 1                    ; 0                    ; 0                    ; 0                  ; 0                   ; 0                   ; 1                 ;
; cur_state.st_stop    ; 1                 ; 0                    ; 0                    ; 0                    ; 0                  ; 0                   ; 0                   ; 1                 ;
+----------------------+-------------------+----------------------+----------------------+----------------------+--------------------+---------------------+---------------------+-------------------+


+------------------------------------------------------------------------------------------------------------------------------------------------------------------------------------------------------------+
; Registers Removed During Synthesis                                                                                                                                                                         ;
+------------------------------------------------------------------------------------------------+-----------------------------------------------------------------------------------------------------------+
; Register name                                                                                  ; Reason for Removal                                                                                        ;
+------------------------------------------------------------------------------------------------+-----------------------------------------------------------------------------------------------------------+
; wm8978_ctrl:u_wm8978_ctrl|wm8978_config:u_wm8978_config|i2c_reg_cfg:u_i2c_reg_cfg|i2c_data[15] ; Stuck at GND due to stuck port data_in                                                                    ;
; wm8978_ctrl:u_wm8978_ctrl|wm8978_config:u_wm8978_config|i2c_dri:u_i2c_dri|wr_flag              ; Stuck at GND due to stuck port data_in                                                                    ;
; wm8978_ctrl:u_wm8978_ctrl|wm8978_config:u_wm8978_config|i2c_dri:u_i2c_dri|addr_t[7..15]        ; Stuck at GND due to stuck port data_in                                                                    ;
; wm8978_ctrl:u_wm8978_ctrl|audio_send:u_audio_send|tx_cnt[4]                                    ; Merged with wm8978_ctrl:u_wm8978_ctrl|audio_receive:u_audio_receive|rx_cnt[4]                             ;
; wm8978_ctrl:u_wm8978_ctrl|audio_send:u_audio_send|tx_cnt[3]                                    ; Merged with wm8978_ctrl:u_wm8978_ctrl|audio_receive:u_audio_receive|rx_cnt[3]                             ;
; wm8978_ctrl:u_wm8978_ctrl|audio_send:u_audio_send|tx_cnt[2]                                    ; Merged with wm8978_ctrl:u_wm8978_ctrl|audio_receive:u_audio_receive|rx_cnt[2]                             ;
; wm8978_ctrl:u_wm8978_ctrl|audio_send:u_audio_send|tx_cnt[1]                                    ; Merged with wm8978_ctrl:u_wm8978_ctrl|audio_receive:u_audio_receive|rx_cnt[1]                             ;
; wm8978_ctrl:u_wm8978_ctrl|audio_send:u_audio_send|tx_cnt[0]                                    ; Merged with wm8978_ctrl:u_wm8978_ctrl|audio_receive:u_audio_receive|rx_cnt[0]                             ;
; wm8978_ctrl:u_wm8978_ctrl|audio_send:u_audio_send|tx_cnt[5]                                    ; Merged with wm8978_ctrl:u_wm8978_ctrl|audio_receive:u_audio_receive|rx_cnt[5]                             ;
; wm8978_ctrl:u_wm8978_ctrl|audio_send:u_audio_send|aud_lrc_d0                                   ; Merged with wm8978_ctrl:u_wm8978_ctrl|audio_receive:u_audio_receive|aud_lrc_d0                            ;
; wm8978_ctrl:u_wm8978_ctrl|wm8978_config:u_wm8978_config|i2c_reg_cfg:u_i2c_reg_cfg|wl[1]        ; Merged with wm8978_ctrl:u_wm8978_ctrl|wm8978_config:u_wm8978_config|i2c_reg_cfg:u_i2c_reg_cfg|wl[0]       ;
; wm8978_ctrl:u_wm8978_ctrl|wm8978_config:u_wm8978_config|i2c_dri:u_i2c_dri|cur_state.st_addr_rd ; Merged with wm8978_ctrl:u_wm8978_ctrl|wm8978_config:u_wm8978_config|i2c_dri:u_i2c_dri|cur_state.st_addr16 ;
; wm8978_ctrl:u_wm8978_ctrl|wm8978_config:u_wm8978_config|i2c_dri:u_i2c_dri|cur_state.st_addr16  ; Stuck at GND due to stuck port data_in                                                                    ;
; wm8978_ctrl:u_wm8978_ctrl|wm8978_config:u_wm8978_config|i2c_dri:u_i2c_dri|cur_state.st_data_rd ; Stuck at GND due to stuck port data_in                                                                    ;
; Total Number of Removed Registers = 22                                                         ;                                                                                                           ;
+------------------------------------------------------------------------------------------------+-----------------------------------------------------------------------------------------------------------+


+------------------------------------------------------------------------------------------------------------------------------------------------------------------------------------------------------------------+
; Removed Registers Triggering Further Register Optimizations                                                                                                                                                      ;
+------------------------------------------------------------------------------------------------+---------------------------+-------------------------------------------------------------------------------------+
; Register name                                                                                  ; Reason for Removal        ; Registers Removed due to This Register                                              ;
+------------------------------------------------------------------------------------------------+---------------------------+-------------------------------------------------------------------------------------+
; wm8978_ctrl:u_wm8978_ctrl|wm8978_config:u_wm8978_config|i2c_reg_cfg:u_i2c_reg_cfg|i2c_data[15] ; Stuck at GND              ; wm8978_ctrl:u_wm8978_ctrl|wm8978_config:u_wm8978_config|i2c_dri:u_i2c_dri|addr_t[7] ;
;                                                                                                ; due to stuck port data_in ;                                                                                     ;
+------------------------------------------------------------------------------------------------+---------------------------+-------------------------------------------------------------------------------------+


+------------------------------------------------------+
; General Register Statistics                          ;
+----------------------------------------------+-------+
; Statistic                                    ; Value ;
+----------------------------------------------+-------+
; Total registers                              ; 177   ;
; Number of registers using Synchronous Clear  ; 16    ;
; Number of registers using Synchronous Load   ; 9     ;
; Number of registers using Asynchronous Clear ; 177   ;
; Number of registers using Asynchronous Load  ; 0     ;
; Number of registers using Clock Enable       ; 111   ;
; Number of registers using Preset             ; 0     ;
+----------------------------------------------+-------+


+---------------------------------------------------------------------------------------------+
; Inverted Register Statistics                                                                ;
+-----------------------------------------------------------------------------------+---------+
; Inverted Register                                                                 ; Fan out ;
+-----------------------------------------------------------------------------------+---------+
; wm8978_ctrl:u_wm8978_ctrl|wm8978_config:u_wm8978_config|i2c_dri:u_i2c_dri|scl     ; 4       ;
; wm8978_ctrl:u_wm8978_ctrl|wm8978_config:u_wm8978_config|i2c_dri:u_i2c_dri|sda_out ; 6       ;
; wm8978_ctrl:u_wm8978_ctrl|wm8978_config:u_wm8978_config|i2c_dri:u_i2c_dri|sda_dir ; 2       ;
; Total number of inverted registers = 3                                            ;         ;
+-----------------------------------------------------------------------------------+---------+


+--------------------------------------------------------------------------------------------------------------------------------------------------------------------------------------------------------------------------+
; Multiplexer Restructuring Statistics (Restructuring Performed)                                                                                                                                                           ;
+--------------------+-----------+---------------+----------------------+------------------------+------------+------------------------------------------------------------------------------------------------------------+
; Multiplexer Inputs ; Bus Width ; Baseline Area ; Area if Restructured ; Saving if Restructured ; Registered ; Example Multiplexer Output                                                                                 ;
+--------------------+-----------+---------------+----------------------+------------------------+------------+------------------------------------------------------------------------------------------------------------+
; 3:1                ; 6 bits    ; 12 LEs        ; 6 LEs                ; 6 LEs                  ; Yes        ; |audio_speak|wm8978_ctrl:u_wm8978_ctrl|audio_receive:u_audio_receive|rx_cnt[4]                             ;
; 32:1               ; 13 bits   ; 273 LEs       ; 156 LEs              ; 117 LEs                ; Yes        ; |audio_speak|wm8978_ctrl:u_wm8978_ctrl|wm8978_config:u_wm8978_config|i2c_reg_cfg:u_i2c_reg_cfg|i2c_data[2] ;
; 7:1                ; 7 bits    ; 28 LEs        ; 7 LEs                ; 21 LEs                 ; Yes        ; |audio_speak|wm8978_ctrl:u_wm8978_ctrl|wm8978_config:u_wm8978_config|i2c_dri:u_i2c_dri|cnt[4]              ;
+--------------------+-----------+---------------+----------------------+------------------------+------------+------------------------------------------------------------------------------------------------------------+


+----------------------------------------------------------------------------------------+
; Parameter Settings for User Entity Instance: pll_clk:u_pll_clk|altpll:altpll_component ;
+-------------------------------+---------------------------+----------------------------+
; Parameter Name                ; Value                     ; Type                       ;
+-------------------------------+---------------------------+----------------------------+
; OPERATION_MODE                ; NORMAL                    ; Untyped                    ;
; PLL_TYPE                      ; AUTO                      ; Untyped                    ;
; LPM_HINT                      ; CBX_MODULE_PREFIX=pll_clk ; Untyped                    ;
; QUALIFY_CONF_DONE             ; OFF                       ; Untyped                    ;
; COMPENSATE_CLOCK              ; CLK0                      ; Untyped                    ;
; SCAN_CHAIN                    ; LONG                      ; Untyped                    ;
; PRIMARY_CLOCK                 ; INCLK0                    ; Untyped                    ;
; INCLK0_INPUT_FREQUENCY        ; 20000                     ; Signed Integer             ;
; INCLK1_INPUT_FREQUENCY        ; 0                         ; Untyped                    ;
; GATE_LOCK_SIGNAL              ; NO                        ; Untyped                    ;
; GATE_LOCK_COUNTER             ; 0                         ; Untyped                    ;
; LOCK_HIGH                     ; 1                         ; Untyped                    ;
; LOCK_LOW                      ; 1                         ; Untyped                    ;
; VALID_LOCK_MULTIPLIER         ; 1                         ; Untyped                    ;
; INVALID_LOCK_MULTIPLIER       ; 5                         ; Untyped                    ;
; SWITCH_OVER_ON_LOSSCLK        ; OFF                       ; Untyped                    ;
; SWITCH_OVER_ON_GATED_LOCK     ; OFF                       ; Untyped                    ;
; ENABLE_SWITCH_OVER_COUNTER    ; OFF                       ; Untyped                    ;
; SKIP_VCO                      ; OFF                       ; Untyped                    ;
; SWITCH_OVER_COUNTER           ; 0                         ; Untyped                    ;
; SWITCH_OVER_TYPE              ; AUTO                      ; Untyped                    ;
; FEEDBACK_SOURCE               ; EXTCLK0                   ; Untyped                    ;
; BANDWIDTH                     ; 0                         ; Untyped                    ;
; BANDWIDTH_TYPE                ; AUTO                      ; Untyped                    ;
; SPREAD_FREQUENCY              ; 0                         ; Untyped                    ;
; DOWN_SPREAD                   ; 0                         ; Untyped                    ;
; SELF_RESET_ON_GATED_LOSS_LOCK ; OFF                       ; Untyped                    ;
; SELF_RESET_ON_LOSS_LOCK       ; OFF                       ; Untyped                    ;
; CLK9_MULTIPLY_BY              ; 0                         ; Untyped                    ;
; CLK8_MULTIPLY_BY              ; 0                         ; Untyped                    ;
; CLK7_MULTIPLY_BY              ; 0                         ; Untyped                    ;
; CLK6_MULTIPLY_BY              ; 0                         ; Untyped                    ;
; CLK5_MULTIPLY_BY              ; 1                         ; Untyped                    ;
; CLK4_MULTIPLY_BY              ; 1                         ; Untyped                    ;
; CLK3_MULTIPLY_BY              ; 1                         ; Untyped                    ;
; CLK2_MULTIPLY_BY              ; 1                         ; Untyped                    ;
; CLK1_MULTIPLY_BY              ; 1                         ; Untyped                    ;
; CLK0_MULTIPLY_BY              ; 6                         ; Signed Integer             ;
; CLK9_DIVIDE_BY                ; 0                         ; Untyped                    ;
; CLK8_DIVIDE_BY                ; 0                         ; Untyped                    ;
; CLK7_DIVIDE_BY                ; 0                         ; Untyped                    ;
; CLK6_DIVIDE_BY                ; 0                         ; Untyped                    ;
; CLK5_DIVIDE_BY                ; 1                         ; Untyped                    ;
; CLK4_DIVIDE_BY                ; 1                         ; Untyped                    ;
; CLK3_DIVIDE_BY                ; 1                         ; Untyped                    ;
; CLK2_DIVIDE_BY                ; 1                         ; Untyped                    ;
; CLK1_DIVIDE_BY                ; 1                         ; Untyped                    ;
; CLK0_DIVIDE_BY                ; 25                        ; Signed Integer             ;
; CLK9_PHASE_SHIFT              ; 0                         ; Untyped                    ;
; CLK8_PHASE_SHIFT              ; 0                         ; Untyped                    ;
; CLK7_PHASE_SHIFT              ; 0                         ; Untyped                    ;
; CLK6_PHASE_SHIFT              ; 0                         ; Untyped                    ;
; CLK5_PHASE_SHIFT              ; 0                         ; Untyped                    ;
; CLK4_PHASE_SHIFT              ; 0                         ; Untyped                    ;
; CLK3_PHASE_SHIFT              ; 0                         ; Untyped                    ;
; CLK2_PHASE_SHIFT              ; 0                         ; Untyped                    ;
; CLK1_PHASE_SHIFT              ; 0                         ; Untyped                    ;
; CLK0_PHASE_SHIFT              ; 0                         ; Untyped                    ;
; CLK5_TIME_DELAY               ; 0                         ; Untyped                    ;
; CLK4_TIME_DELAY               ; 0                         ; Untyped                    ;
; CLK3_TIME_DELAY               ; 0                         ; Untyped                    ;
; CLK2_TIME_DELAY               ; 0                         ; Untyped                    ;
; CLK1_TIME_DELAY               ; 0                         ; Untyped                    ;
; CLK0_TIME_DELAY               ; 0                         ; Untyped                    ;
; CLK9_DUTY_CYCLE               ; 50                        ; Untyped                    ;
; CLK8_DUTY_CYCLE               ; 50                        ; Untyped                    ;
; CLK7_DUTY_CYCLE               ; 50                        ; Untyped                    ;
; CLK6_DUTY_CYCLE               ; 50                        ; Untyped                    ;
; CLK5_DUTY_CYCLE               ; 50                        ; Untyped                    ;
; CLK4_DUTY_CYCLE               ; 50                        ; Untyped                    ;
; CLK3_DUTY_CYCLE               ; 50                        ; Untyped                    ;
; CLK2_DUTY_CYCLE               ; 50                        ; Untyped                    ;
; CLK1_DUTY_CYCLE               ; 50                        ; Untyped                    ;
; CLK0_DUTY_CYCLE               ; 50                        ; Signed Integer             ;
; CLK9_USE_EVEN_COUNTER_MODE    ; OFF                       ; Untyped                    ;
; CLK8_USE_EVEN_COUNTER_MODE    ; OFF                       ; Untyped                    ;
; CLK7_USE_EVEN_COUNTER_MODE    ; OFF                       ; Untyped                    ;
; CLK6_USE_EVEN_COUNTER_MODE    ; OFF                       ; Untyped                    ;
; CLK5_USE_EVEN_COUNTER_MODE    ; OFF                       ; Untyped                    ;
; CLK4_USE_EVEN_COUNTER_MODE    ; OFF                       ; Untyped                    ;
; CLK3_USE_EVEN_COUNTER_MODE    ; OFF                       ; Untyped                    ;
; CLK2_USE_EVEN_COUNTER_MODE    ; OFF                       ; Untyped                    ;
; CLK1_USE_EVEN_COUNTER_MODE    ; OFF                       ; Untyped                    ;
; CLK0_USE_EVEN_COUNTER_MODE    ; OFF                       ; Untyped                    ;
; CLK9_USE_EVEN_COUNTER_VALUE   ; OFF                       ; Untyped                    ;
; CLK8_USE_EVEN_COUNTER_VALUE   ; OFF                       ; Untyped                    ;
; CLK7_USE_EVEN_COUNTER_VALUE   ; OFF                       ; Untyped                    ;
; CLK6_USE_EVEN_COUNTER_VALUE   ; OFF                       ; Untyped                    ;
; CLK5_USE_EVEN_COUNTER_VALUE   ; OFF                       ; Untyped                    ;
; CLK4_USE_EVEN_COUNTER_VALUE   ; OFF                       ; Untyped                    ;
; CLK3_USE_EVEN_COUNTER_VALUE   ; OFF                       ; Untyped                    ;
; CLK2_USE_EVEN_COUNTER_VALUE   ; OFF                       ; Untyped                    ;
; CLK1_USE_EVEN_COUNTER_VALUE   ; OFF                       ; Untyped                    ;
; CLK0_USE_EVEN_COUNTER_VALUE   ; OFF                       ; Untyped                    ;
; LOCK_WINDOW_UI                ;  0.05                     ; Untyped                    ;
; LOCK_WINDOW_UI_BITS           ; UNUSED                    ; Untyped                    ;
; VCO_RANGE_DETECTOR_LOW_BITS   ; UNUSED                    ; Untyped                    ;
; VCO_RANGE_DETECTOR_HIGH_BITS  ; UNUSED                    ; Untyped                    ;
; DPA_MULTIPLY_BY               ; 0                         ; Untyped                    ;
; DPA_DIVIDE_BY                 ; 1                         ; Untyped                    ;
; DPA_DIVIDER                   ; 0                         ; Untyped                    ;
; EXTCLK3_MULTIPLY_BY           ; 1                         ; Untyped                    ;
; EXTCLK2_MULTIPLY_BY           ; 1                         ; Untyped                    ;
; EXTCLK1_MULTIPLY_BY           ; 1                         ; Untyped                    ;
; EXTCLK0_MULTIPLY_BY           ; 1                         ; Untyped                    ;
; EXTCLK3_DIVIDE_BY             ; 1                         ; Untyped                    ;
; EXTCLK2_DIVIDE_BY             ; 1                         ; Untyped                    ;
; EXTCLK1_DIVIDE_BY             ; 1                         ; Untyped                    ;
; EXTCLK0_DIVIDE_BY             ; 1                         ; Untyped                    ;
; EXTCLK3_PHASE_SHIFT           ; 0                         ; Untyped                    ;
; EXTCLK2_PHASE_SHIFT           ; 0                         ; Untyped                    ;
; EXTCLK1_PHASE_SHIFT           ; 0                         ; Untyped                    ;
; EXTCLK0_PHASE_SHIFT           ; 0                         ; Untyped                    ;
; EXTCLK3_TIME_DELAY            ; 0                         ; Untyped                    ;
; EXTCLK2_TIME_DELAY            ; 0                         ; Untyped                    ;
; EXTCLK1_TIME_DELAY            ; 0                         ; Untyped                    ;
; EXTCLK0_TIME_DELAY            ; 0                         ; Untyped                    ;
; EXTCLK3_DUTY_CYCLE            ; 50                        ; Untyped                    ;
; EXTCLK2_DUTY_CYCLE            ; 50                        ; Untyped                    ;
; EXTCLK1_DUTY_CYCLE            ; 50                        ; Untyped                    ;
; EXTCLK0_DUTY_CYCLE            ; 50                        ; Untyped                    ;
; VCO_MULTIPLY_BY               ; 0                         ; Untyped                    ;
; VCO_DIVIDE_BY                 ; 0                         ; Untyped                    ;
; SCLKOUT0_PHASE_SHIFT          ; 0                         ; Untyped                    ;
; SCLKOUT1_PHASE_SHIFT          ; 0                         ; Untyped                    ;
; VCO_MIN                       ; 0                         ; Untyped                    ;
; VCO_MAX                       ; 0                         ; Untyped                    ;
; VCO_CENTER                    ; 0                         ; Untyped                    ;
; PFD_MIN                       ; 0                         ; Untyped                    ;
; PFD_MAX                       ; 0                         ; Untyped                    ;
; M_INITIAL                     ; 0                         ; Untyped                    ;
; M                             ; 0                         ; Untyped                    ;
; N                             ; 1                         ; Untyped                    ;
; M2                            ; 1                         ; Untyped                    ;
; N2                            ; 1                         ; Untyped                    ;
; SS                            ; 1                         ; Untyped                    ;
; C0_HIGH                       ; 0                         ; Untyped                    ;
; C1_HIGH                       ; 0                         ; Untyped                    ;
; C2_HIGH                       ; 0                         ; Untyped                    ;
; C3_HIGH                       ; 0                         ; Untyped                    ;
; C4_HIGH                       ; 0                         ; Untyped                    ;
; C5_HIGH                       ; 0                         ; Untyped                    ;
; C6_HIGH                       ; 0                         ; Untyped                    ;
; C7_HIGH                       ; 0                         ; Untyped                    ;
; C8_HIGH                       ; 0                         ; Untyped                    ;
; C9_HIGH                       ; 0                         ; Untyped                    ;
; C0_LOW                        ; 0                         ; Untyped                    ;
; C1_LOW                        ; 0                         ; Untyped                    ;
; C2_LOW                        ; 0                         ; Untyped                    ;
; C3_LOW                        ; 0                         ; Untyped                    ;
; C4_LOW                        ; 0                         ; Untyped                    ;
; C5_LOW                        ; 0                         ; Untyped                    ;
; C6_LOW                        ; 0                         ; Untyped                    ;
; C7_LOW                        ; 0                         ; Untyped                    ;
; C8_LOW                        ; 0                         ; Untyped                    ;
; C9_LOW                        ; 0                         ; Untyped                    ;
; C0_INITIAL                    ; 0                         ; Untyped                    ;
; C1_INITIAL                    ; 0                         ; Untyped                    ;
; C2_INITIAL                    ; 0                         ; Untyped                    ;
; C3_INITIAL                    ; 0                         ; Untyped                    ;
; C4_INITIAL                    ; 0                         ; Untyped                    ;
; C5_INITIAL                    ; 0                         ; Untyped                    ;
; C6_INITIAL                    ; 0                         ; Untyped                    ;
; C7_INITIAL                    ; 0                         ; Untyped                    ;
; C8_INITIAL                    ; 0                         ; Untyped                    ;
; C9_INITIAL                    ; 0                         ; Untyped                    ;
; C0_MODE                       ; BYPASS                    ; Untyped                    ;
; C1_MODE                       ; BYPASS                    ; Untyped                    ;
; C2_MODE                       ; BYPASS                    ; Untyped                    ;
; C3_MODE                       ; BYPASS                    ; Untyped                    ;
; C4_MODE                       ; BYPASS                    ; Untyped                    ;
; C5_MODE                       ; BYPASS                    ; Untyped                    ;
; C6_MODE                       ; BYPASS                    ; Untyped                    ;
; C7_MODE                       ; BYPASS                    ; Untyped                    ;
; C8_MODE                       ; BYPASS                    ; Untyped                    ;
; C9_MODE                       ; BYPASS                    ; Untyped                    ;
; C0_PH                         ; 0                         ; Untyped                    ;
; C1_PH                         ; 0                         ; Untyped                    ;
; C2_PH                         ; 0                         ; Untyped                    ;
; C3_PH                         ; 0                         ; Untyped                    ;
; C4_PH                         ; 0                         ; Untyped                    ;
; C5_PH                         ; 0                         ; Untyped                    ;
; C6_PH                         ; 0                         ; Untyped                    ;
; C7_PH                         ; 0                         ; Untyped                    ;
; C8_PH                         ; 0                         ; Untyped                    ;
; C9_PH                         ; 0                         ; Untyped                    ;
; L0_HIGH                       ; 1                         ; Untyped                    ;
; L1_HIGH                       ; 1                         ; Untyped                    ;
; G0_HIGH                       ; 1                         ; Untyped                    ;
; G1_HIGH                       ; 1                         ; Untyped                    ;
; G2_HIGH                       ; 1                         ; Untyped                    ;
; G3_HIGH                       ; 1                         ; Untyped                    ;
; E0_HIGH                       ; 1                         ; Untyped                    ;
; E1_HIGH                       ; 1                         ; Untyped                    ;
; E2_HIGH                       ; 1                         ; Untyped                    ;
; E3_HIGH                       ; 1                         ; Untyped                    ;
; L0_LOW                        ; 1                         ; Untyped                    ;
; L1_LOW                        ; 1                         ; Untyped                    ;
; G0_LOW                        ; 1                         ; Untyped                    ;
; G1_LOW                        ; 1                         ; Untyped                    ;
; G2_LOW                        ; 1                         ; Untyped                    ;
; G3_LOW                        ; 1                         ; Untyped                    ;
; E0_LOW                        ; 1                         ; Untyped                    ;
; E1_LOW                        ; 1                         ; Untyped                    ;
; E2_LOW                        ; 1                         ; Untyped                    ;
; E3_LOW                        ; 1                         ; Untyped                    ;
; L0_INITIAL                    ; 1                         ; Untyped                    ;
; L1_INITIAL                    ; 1                         ; Untyped                    ;
; G0_INITIAL                    ; 1                         ; Untyped                    ;
; G1_INITIAL                    ; 1                         ; Untyped                    ;
; G2_INITIAL                    ; 1                         ; Untyped                    ;
; G3_INITIAL                    ; 1                         ; Untyped                    ;
; E0_INITIAL                    ; 1                         ; Untyped                    ;
; E1_INITIAL                    ; 1                         ; Untyped                    ;
; E2_INITIAL                    ; 1                         ; Untyped                    ;
; E3_INITIAL                    ; 1                         ; Untyped                    ;
; L0_MODE                       ; BYPASS                    ; Untyped                    ;
; L1_MODE                       ; BYPASS                    ; Untyped                    ;
; G0_MODE                       ; BYPASS                    ; Untyped                    ;
; G1_MODE                       ; BYPASS                    ; Untyped                    ;
; G2_MODE                       ; BYPASS                    ; Untyped                    ;
; G3_MODE                       ; BYPASS                    ; Untyped                    ;
; E0_MODE                       ; BYPASS                    ; Untyped                    ;
; E1_MODE                       ; BYPASS                    ; Untyped                    ;
; E2_MODE                       ; BYPASS                    ; Untyped                    ;
; E3_MODE                       ; BYPASS                    ; Untyped                    ;
; L0_PH                         ; 0                         ; Untyped                    ;
; L1_PH                         ; 0                         ; Untyped                    ;
; G0_PH                         ; 0                         ; Untyped                    ;
; G1_PH                         ; 0                         ; Untyped                    ;
; G2_PH                         ; 0                         ; Untyped                    ;
; G3_PH                         ; 0                         ; Untyped                    ;
; E0_PH                         ; 0                         ; Untyped                    ;
; E1_PH                         ; 0                         ; Untyped                    ;
; E2_PH                         ; 0                         ; Untyped                    ;
; E3_PH                         ; 0                         ; Untyped                    ;
; M_PH                          ; 0                         ; Untyped                    ;
; C1_USE_CASC_IN                ; OFF                       ; Untyped                    ;
; C2_USE_CASC_IN                ; OFF                       ; Untyped                    ;
; C3_USE_CASC_IN                ; OFF                       ; Untyped                    ;
; C4_USE_CASC_IN                ; OFF                       ; Untyped                    ;
; C5_USE_CASC_IN                ; OFF                       ; Untyped                    ;
; C6_USE_CASC_IN                ; OFF                       ; Untyped                    ;
; C7_USE_CASC_IN                ; OFF                       ; Untyped                    ;
; C8_USE_CASC_IN                ; OFF                       ; Untyped                    ;
; C9_USE_CASC_IN                ; OFF                       ; Untyped                    ;
; CLK0_COUNTER                  ; G0                        ; Untyped                    ;
; CLK1_COUNTER                  ; G0                        ; Untyped                    ;
; CLK2_COUNTER                  ; G0                        ; Untyped                    ;
; CLK3_COUNTER                  ; G0                        ; Untyped                    ;
; CLK4_COUNTER                  ; G0                        ; Untyped                    ;
; CLK5_COUNTER                  ; G0                        ; Untyped                    ;
; CLK6_COUNTER                  ; E0                        ; Untyped                    ;
; CLK7_COUNTER                  ; E1                        ; Untyped                    ;
; CLK8_COUNTER                  ; E2                        ; Untyped                    ;
; CLK9_COUNTER                  ; E3                        ; Untyped                    ;
; L0_TIME_DELAY                 ; 0                         ; Untyped                    ;
; L1_TIME_DELAY                 ; 0                         ; Untyped                    ;
; G0_TIME_DELAY                 ; 0                         ; Untyped                    ;
; G1_TIME_DELAY                 ; 0                         ; Untyped                    ;
; G2_TIME_DELAY                 ; 0                         ; Untyped                    ;
; G3_TIME_DELAY                 ; 0                         ; Untyped                    ;
; E0_TIME_DELAY                 ; 0                         ; Untyped                    ;
; E1_TIME_DELAY                 ; 0                         ; Untyped                    ;
; E2_TIME_DELAY                 ; 0                         ; Untyped                    ;
; E3_TIME_DELAY                 ; 0                         ; Untyped                    ;
; M_TIME_DELAY                  ; 0                         ; Untyped                    ;
; N_TIME_DELAY                  ; 0                         ; Untyped                    ;
; EXTCLK3_COUNTER               ; E3                        ; Untyped                    ;
; EXTCLK2_COUNTER               ; E2                        ; Untyped                    ;
; EXTCLK1_COUNTER               ; E1                        ; Untyped                    ;
; EXTCLK0_COUNTER               ; E0                        ; Untyped                    ;
; ENABLE0_COUNTER               ; L0                        ; Untyped                    ;
; ENABLE1_COUNTER               ; L0                        ; Untyped                    ;
; CHARGE_PUMP_CURRENT           ; 2                         ; Untyped                    ;
; LOOP_FILTER_R                 ;  1.000000                 ; Untyped                    ;
; LOOP_FILTER_C                 ; 5                         ; Untyped                    ;
; CHARGE_PUMP_CURRENT_BITS      ; 9999                      ; Untyped                    ;
; LOOP_FILTER_R_BITS            ; 9999                      ; Untyped                    ;
; LOOP_FILTER_C_BITS            ; 9999                      ; Untyped                    ;
; VCO_POST_SCALE                ; 0                         ; Untyped                    ;
; CLK2_OUTPUT_FREQUENCY         ; 0                         ; Untyped                    ;
; CLK1_OUTPUT_FREQUENCY         ; 0                         ; Untyped                    ;
; CLK0_OUTPUT_FREQUENCY         ; 0                         ; Untyped                    ;
; INTENDED_DEVICE_FAMILY        ; Cyclone IV E              ; Untyped                    ;
; PORT_CLKENA0                  ; PORT_UNUSED               ; Untyped                    ;
; PORT_CLKENA1                  ; PORT_UNUSED               ; Untyped                    ;
; PORT_CLKENA2                  ; PORT_UNUSED               ; Untyped                    ;
; PORT_CLKENA3                  ; PORT_UNUSED               ; Untyped                    ;
; PORT_CLKENA4                  ; PORT_UNUSED               ; Untyped                    ;
; PORT_CLKENA5                  ; PORT_UNUSED               ; Untyped                    ;
; PORT_EXTCLKENA0               ; PORT_CONNECTIVITY         ; Untyped                    ;
; PORT_EXTCLKENA1               ; PORT_CONNECTIVITY         ; Untyped                    ;
; PORT_EXTCLKENA2               ; PORT_CONNECTIVITY         ; Untyped                    ;
; PORT_EXTCLKENA3               ; PORT_CONNECTIVITY         ; Untyped                    ;
; PORT_EXTCLK0                  ; PORT_UNUSED               ; Untyped                    ;
; PORT_EXTCLK1                  ; PORT_UNUSED               ; Untyped                    ;
; PORT_EXTCLK2                  ; PORT_UNUSED               ; Untyped                    ;
; PORT_EXTCLK3                  ; PORT_UNUSED               ; Untyped                    ;
; PORT_CLKBAD0                  ; PORT_UNUSED               ; Untyped                    ;
; PORT_CLKBAD1                  ; PORT_UNUSED               ; Untyped                    ;
; PORT_CLK0                     ; PORT_USED                 ; Untyped                    ;
; PORT_CLK1                     ; PORT_UNUSED               ; Untyped                    ;
; PORT_CLK2                     ; PORT_UNUSED               ; Untyped                    ;
; PORT_CLK3                     ; PORT_UNUSED               ; Untyped                    ;
; PORT_CLK4                     ; PORT_UNUSED               ; Untyped                    ;
; PORT_CLK5                     ; PORT_UNUSED               ; Untyped                    ;
; PORT_CLK6                     ; PORT_UNUSED               ; Untyped                    ;
; PORT_CLK7                     ; PORT_UNUSED               ; Untyped                    ;
; PORT_CLK8                     ; PORT_UNUSED               ; Untyped                    ;
; PORT_CLK9                     ; PORT_UNUSED               ; Untyped                    ;
; PORT_SCANDATA                 ; PORT_UNUSED               ; Untyped                    ;
; PORT_SCANDATAOUT              ; PORT_UNUSED               ; Untyped                    ;
; PORT_SCANDONE                 ; PORT_UNUSED               ; Untyped                    ;
; PORT_SCLKOUT1                 ; PORT_CONNECTIVITY         ; Untyped                    ;
; PORT_SCLKOUT0                 ; PORT_CONNECTIVITY         ; Untyped                    ;
; PORT_ACTIVECLOCK              ; PORT_UNUSED               ; Untyped                    ;
; PORT_CLKLOSS                  ; PORT_UNUSED               ; Untyped                    ;
; PORT_INCLK1                   ; PORT_UNUSED               ; Untyped                    ;
; PORT_INCLK0                   ; PORT_USED                 ; Untyped                    ;
; PORT_FBIN                     ; PORT_UNUSED               ; Untyped                    ;
; PORT_PLLENA                   ; PORT_UNUSED               ; Untyped                    ;
; PORT_CLKSWITCH                ; PORT_UNUSED               ; Untyped                    ;
; PORT_ARESET                   ; PORT_USED                 ; Untyped                    ;
; PORT_PFDENA                   ; PORT_UNUSED               ; Untyped                    ;
; PORT_SCANCLK                  ; PORT_UNUSED               ; Untyped                    ;
; PORT_SCANACLR                 ; PORT_UNUSED               ; Untyped                    ;
; PORT_SCANREAD                 ; PORT_UNUSED               ; Untyped                    ;
; PORT_SCANWRITE                ; PORT_UNUSED               ; Untyped                    ;
; PORT_ENABLE0                  ; PORT_CONNECTIVITY         ; Untyped                    ;
; PORT_ENABLE1                  ; PORT_CONNECTIVITY         ; Untyped                    ;
; PORT_LOCKED                   ; PORT_USED                 ; Untyped                    ;
; PORT_CONFIGUPDATE             ; PORT_UNUSED               ; Untyped                    ;
; PORT_FBOUT                    ; PORT_CONNECTIVITY         ; Untyped                    ;
; PORT_PHASEDONE                ; PORT_UNUSED               ; Untyped                    ;
; PORT_PHASESTEP                ; PORT_UNUSED               ; Untyped                    ;
; PORT_PHASEUPDOWN              ; PORT_UNUSED               ; Untyped                    ;
; PORT_SCANCLKENA               ; PORT_UNUSED               ; Untyped                    ;
; PORT_PHASECOUNTERSELECT       ; PORT_UNUSED               ; Untyped                    ;
; PORT_VCOOVERRANGE             ; PORT_CONNECTIVITY         ; Untyped                    ;
; PORT_VCOUNDERRANGE            ; PORT_CONNECTIVITY         ; Untyped                    ;
; M_TEST_SOURCE                 ; 5                         ; Untyped                    ;
; C0_TEST_SOURCE                ; 5                         ; Untyped                    ;
; C1_TEST_SOURCE                ; 5                         ; Untyped                    ;
; C2_TEST_SOURCE                ; 5                         ; Untyped                    ;
; C3_TEST_SOURCE                ; 5                         ; Untyped                    ;
; C4_TEST_SOURCE                ; 5                         ; Untyped                    ;
; C5_TEST_SOURCE                ; 5                         ; Untyped                    ;
; C6_TEST_SOURCE                ; 5                         ; Untyped                    ;
; C7_TEST_SOURCE                ; 5                         ; Untyped                    ;
; C8_TEST_SOURCE                ; 5                         ; Untyped                    ;
; C9_TEST_SOURCE                ; 5                         ; Untyped                    ;
; CBXI_PARAMETER                ; pll_clk_altpll            ; Untyped                    ;
; VCO_FREQUENCY_CONTROL         ; AUTO                      ; Untyped                    ;
; VCO_PHASE_SHIFT_STEP          ; 0                         ; Untyped                    ;
; WIDTH_CLOCK                   ; 5                         ; Signed Integer             ;
; WIDTH_PHASECOUNTERSELECT      ; 4                         ; Untyped                    ;
; USING_FBMIMICBIDIR_PORT       ; OFF                       ; Untyped                    ;
; DEVICE_FAMILY                 ; Cyclone IV E              ; Untyped                    ;
; SCAN_CHAIN_MIF_FILE           ; UNUSED                    ; Untyped                    ;
; SIM_GATE_LOCK_DEVICE_BEHAVIOR ; OFF                       ; Untyped                    ;
; AUTO_CARRY_CHAINS             ; ON                        ; AUTO_CARRY                 ;
; IGNORE_CARRY_BUFFERS          ; OFF                       ; IGNORE_CARRY               ;
; AUTO_CASCADE_CHAINS           ; ON                        ; AUTO_CASCADE               ;
; IGNORE_CASCADE_BUFFERS        ; OFF                       ; IGNORE_CASCADE             ;
+-------------------------------+---------------------------+----------------------------+
Note: In order to hide this table in the UI and the text report file, please set the "Show Parameter Settings in Synthesis Report" option in "Analysis and Synthesis Settings -> More Settings" to "Off".


+------------------------------------------------------------------------+
; Parameter Settings for User Entity Instance: wm8978_ctrl:u_wm8978_ctrl ;
+----------------+--------+----------------------------------------------+
; Parameter Name ; Value  ; Type                                         ;
+----------------+--------+----------------------------------------------+
; WL             ; 100000 ; Unsigned Binary                              ;
+----------------+--------+----------------------------------------------+
Note: In order to hide this table in the UI and the text report file, please set the "Show Parameter Settings in Synthesis Report" option in "Analysis and Synthesis Settings -> More Settings" to "Off".


+------------------------------------------------------------------------------------------------------+
; Parameter Settings for User Entity Instance: wm8978_ctrl:u_wm8978_ctrl|wm8978_config:u_wm8978_config ;
+----------------+----------------------------+--------------------------------------------------------+
; Parameter Name ; Value                      ; Type                                                   ;
+----------------+----------------------------+--------------------------------------------------------+
; SLAVE_ADDR     ; 0011010                    ; Unsigned Binary                                        ;
; WL             ; 100000                     ; Unsigned Binary                                        ;
; BIT_CTRL       ; 0                          ; Unsigned Binary                                        ;
; CLK_FREQ       ; 10111110101111000010000000 ; Unsigned Binary                                        ;
; I2C_FREQ       ; 111101000010010000         ; Unsigned Binary                                        ;
+----------------+----------------------------+--------------------------------------------------------+
Note: In order to hide this table in the UI and the text report file, please set the "Show Parameter Settings in Synthesis Report" option in "Analysis and Synthesis Settings -> More Settings" to "Off".


+--------------------------------------------------------------------------------------------------------------------------------+
; Parameter Settings for User Entity Instance: wm8978_ctrl:u_wm8978_ctrl|wm8978_config:u_wm8978_config|i2c_reg_cfg:u_i2c_reg_cfg ;
+----------------+--------+------------------------------------------------------------------------------------------------------+
; Parameter Name ; Value  ; Type                                                                                                 ;
+----------------+--------+------------------------------------------------------------------------------------------------------+
; WL             ; 100000 ; Unsigned Binary                                                                                      ;
+----------------+--------+------------------------------------------------------------------------------------------------------+
Note: In order to hide this table in the UI and the text report file, please set the "Show Parameter Settings in Synthesis Report" option in "Analysis and Synthesis Settings -> More Settings" to "Off".


+------------------------------------------------------------------------------------------------------------------------+
; Parameter Settings for User Entity Instance: wm8978_ctrl:u_wm8978_ctrl|wm8978_config:u_wm8978_config|i2c_dri:u_i2c_dri ;
+----------------+----------------------------+--------------------------------------------------------------------------+
; Parameter Name ; Value                      ; Type                                                                     ;
+----------------+----------------------------+--------------------------------------------------------------------------+
; SLAVE_ADDR     ; 0011010                    ; Unsigned Binary                                                          ;
; CLK_FREQ       ; 10111110101111000010000000 ; Unsigned Binary                                                          ;
; I2C_FREQ       ; 111101000010010000         ; Unsigned Binary                                                          ;
+----------------+----------------------------+--------------------------------------------------------------------------+
Note: In order to hide this table in the UI and the text report file, please set the "Show Parameter Settings in Synthesis Report" option in "Analysis and Synthesis Settings -> More Settings" to "Off".


+------------------------------------------------------------------------------------------------------+
; Parameter Settings for User Entity Instance: wm8978_ctrl:u_wm8978_ctrl|audio_receive:u_audio_receive ;
+----------------+--------+----------------------------------------------------------------------------+
; Parameter Name ; Value  ; Type                                                                       ;
+----------------+--------+----------------------------------------------------------------------------+
; WL             ; 100000 ; Unsigned Binary                                                            ;
+----------------+--------+----------------------------------------------------------------------------+
Note: In order to hide this table in the UI and the text report file, please set the "Show Parameter Settings in Synthesis Report" option in "Analysis and Synthesis Settings -> More Settings" to "Off".


+------------------------------------------------------------------------------------------------+
; Parameter Settings for User Entity Instance: wm8978_ctrl:u_wm8978_ctrl|audio_send:u_audio_send ;
+----------------+--------+----------------------------------------------------------------------+
; Parameter Name ; Value  ; Type                                                                 ;
+----------------+--------+----------------------------------------------------------------------+
; WL             ; 100000 ; Unsigned Binary                                                      ;
+----------------+--------+----------------------------------------------------------------------+
Note: In order to hide this table in the UI and the text report file, please set the "Show Parameter Settings in Synthesis Report" option in "Analysis and Synthesis Settings -> More Settings" to "Off".


+---------------------------------------------------------------------------+
; altpll Parameter Settings by Entity Instance                              ;
+-------------------------------+-------------------------------------------+
; Name                          ; Value                                     ;
+-------------------------------+-------------------------------------------+
; Number of entity instances    ; 1                                         ;
; Entity Instance               ; pll_clk:u_pll_clk|altpll:altpll_component ;
;     -- OPERATION_MODE         ; NORMAL                                    ;
;     -- PLL_TYPE               ; AUTO                                      ;
;     -- PRIMARY_CLOCK          ; INCLK0                                    ;
;     -- INCLK0_INPUT_FREQUENCY ; 20000                                     ;
;     -- INCLK1_INPUT_FREQUENCY ; 0                                         ;
;     -- VCO_MULTIPLY_BY        ; 0                                         ;
;     -- VCO_DIVIDE_BY          ; 0                                         ;
+-------------------------------+-------------------------------------------+


+-------------------------------------------------------------------------------------------------------------------------------------------------------------------------------------+
; Port Connectivity Checks: "wm8978_ctrl:u_wm8978_ctrl|wm8978_config:u_wm8978_config|i2c_dri:u_i2c_dri"                                                                               ;
+------------+--------+----------+----------------------------------------------------------------------------------------------------------------------------------------------------+
; Port       ; Type   ; Severity ; Details                                                                                                                                            ;
+------------+--------+----------+----------------------------------------------------------------------------------------------------------------------------------------------------+
; bit_ctrl   ; Input  ; Info     ; Stuck at GND                                                                                                                                       ;
; i2c_rh_wl  ; Input  ; Info     ; Stuck at GND                                                                                                                                       ;
; i2c_addr   ; Input  ; Warning  ; Input port expression (8 bits) is smaller than the input port (16 bits) it drives.  Extra input bit(s) "i2c_addr[15..8]" will be connected to GND. ;
; i2c_data_r ; Output ; Info     ; Explicitly unconnected                                                                                                                             ;
+------------+--------+----------+----------------------------------------------------------------------------------------------------------------------------------------------------+


+--------------------------------------------------------------------------------------------------------------------+
; Port Connectivity Checks: "wm8978_ctrl:u_wm8978_ctrl|wm8978_config:u_wm8978_config|i2c_reg_cfg:u_i2c_reg_cfg"      ;
+----------+--------+----------+-------------------------------------------------------------------------------------+
; Port     ; Type   ; Severity ; Details                                                                             ;
+----------+--------+----------+-------------------------------------------------------------------------------------+
; cfg_done ; Output ; Info     ; Connected to dangling logic. Logic that only feeds a dangling port will be removed. ;
+----------+--------+----------+-------------------------------------------------------------------------------------+


+----------------------------------------------------------------------------------------------------------------------------------------+
; Port Connectivity Checks: "wm8978_ctrl:u_wm8978_ctrl|wm8978_config:u_wm8978_config"                                                    ;
+---------+--------+----------+----------------------------------------------------------------------------------------------------------+
; Port    ; Type   ; Severity ; Details                                                                                                  ;
+---------+--------+----------+----------------------------------------------------------------------------------------------------------+
; i2c_ack ; Output ; Warning  ; Declared by entity but not connected by instance. Logic that only feeds a dangling port will be removed. ;
+---------+--------+----------+----------------------------------------------------------------------------------------------------------+


+-------------------------------------------------------+
; Port Connectivity Checks: "wm8978_ctrl:u_wm8978_ctrl" ;
+---------+--------+----------+-------------------------+
; Port    ; Type   ; Severity ; Details                 ;
+---------+--------+----------+-------------------------+
; rx_done ; Output ; Info     ; Explicitly unconnected  ;
; tx_done ; Output ; Info     ; Explicitly unconnected  ;
+---------+--------+----------+-------------------------+


+---------------------------------------------------------------------------------------------------------------------------------------+
; Port Connectivity Checks: "pll_clk:u_pll_clk"                                                                                         ;
+--------+--------+----------+----------------------------------------------------------------------------------------------------------+
; Port   ; Type   ; Severity ; Details                                                                                                  ;
+--------+--------+----------+----------------------------------------------------------------------------------------------------------+
; locked ; Output ; Warning  ; Declared by entity but not connected by instance. Logic that only feeds a dangling port will be removed. ;
+--------+--------+----------+----------------------------------------------------------------------------------------------------------+


+-------------------------------+
; Elapsed Time Per Partition    ;
+----------------+--------------+
; Partition Name ; Elapsed Time ;
+----------------+--------------+
; Top            ; 00:00:02     ;
+----------------+--------------+


+-------------------------------+
; Analysis & Synthesis Messages ;
+-------------------------------+
Info: *******************************************************************
Info: Running Quartus II 64-Bit Analysis & Synthesis
    Info: Version 13.1.0 Build 162 10/23/2013 SJ Full Version
    Info: Processing started: Thu Jul 01 01:50:51 2021
Info: Command: quartus_map --read_settings_files=on --write_settings_files=off audio_speak -c audio_speak
Info (20030): Parallel compilation is enabled and will use 4 of the 4 processors detected
Info (12021): Found 1 design units, including 1 entities, in source file ipcore/pll_clk.v
    Info (12023): Found entity 1: pll_clk
Info (12021): Found 1 design units, including 1 entities, in source file /users/zyyfo/desktop/fpga_prac/prac6/rtl/i2c_reg_cfg.v
    Info (12023): Found entity 1: i2c_reg_cfg
Info (12021): Found 1 design units, including 1 entities, in source file /users/zyyfo/desktop/fpga_prac/prac6/rtl/wm8978_ctrl.v
    Info (12023): Found entity 1: wm8978_ctrl
Info (12021): Found 1 design units, including 1 entities, in source file /users/zyyfo/desktop/fpga_prac/prac6/rtl/wm8978_config.v
    Info (12023): Found entity 1: wm8978_config
Info (12021): Found 1 design units, including 1 entities, in source file /users/zyyfo/desktop/fpga_prac/prac6/rtl/i2c_dri.v
    Info (12023): Found entity 1: i2c_dri
Info (12021): Found 1 design units, including 1 entities, in source file /users/zyyfo/desktop/fpga_prac/prac6/rtl/audio_speak.v
    Info (12023): Found entity 1: audio_speak
Info (12021): Found 1 design units, including 1 entities, in source file /users/zyyfo/desktop/fpga_prac/prac6/rtl/audio_receive.v
    Info (12023): Found entity 1: audio_receive
Info (12021): Found 1 design units, including 1 entities, in source file /users/zyyfo/desktop/fpga_prac/prac6/rtl/audio_send.v
    Info (12023): Found entity 1: audio_send
Info (12127): Elaborating entity "audio_speak" for the top level hierarchy
Info (12128): Elaborating entity "pll_clk" for hierarchy "pll_clk:u_pll_clk"
Info (12128): Elaborating entity "altpll" for hierarchy "pll_clk:u_pll_clk|altpll:altpll_component"
Info (12130): Elaborated megafunction instantiation "pll_clk:u_pll_clk|altpll:altpll_component"
Info (12133): Instantiated megafunction "pll_clk:u_pll_clk|altpll:altpll_component" with the following parameter:
    Info (12134): Parameter "bandwidth_type" = "AUTO"
    Info (12134): Parameter "clk0_divide_by" = "25"
    Info (12134): Parameter "clk0_duty_cycle" = "50"
    Info (12134): Parameter "clk0_multiply_by" = "6"
    Info (12134): Parameter "clk0_phase_shift" = "0"
    Info (12134): Parameter "compensate_clock" = "CLK0"
    Info (12134): Parameter "inclk0_input_frequency" = "20000"
    Info (12134): Parameter "intended_device_family" = "Cyclone IV E"
    Info (12134): Parameter "lpm_hint" = "CBX_MODULE_PREFIX=pll_clk"
    Info (12134): Parameter "lpm_type" = "altpll"
    Info (12134): Parameter "operation_mode" = "NORMAL"
    Info (12134): Parameter "pll_type" = "AUTO"
    Info (12134): Parameter "port_activeclock" = "PORT_UNUSED"
    Info (12134): Parameter "port_areset" = "PORT_USED"
    Info (12134): Parameter "port_clkbad0" = "PORT_UNUSED"
    Info (12134): Parameter "port_clkbad1" = "PORT_UNUSED"
    Info (12134): Parameter "port_clkloss" = "PORT_UNUSED"
    Info (12134): Parameter "port_clkswitch" = "PORT_UNUSED"
    Info (12134): Parameter "port_configupdate" = "PORT_UNUSED"
    Info (12134): Parameter "port_fbin" = "PORT_UNUSED"
    Info (12134): Parameter "port_inclk0" = "PORT_USED"
    Info (12134): Parameter "port_inclk1" = "PORT_UNUSED"
    Info (12134): Parameter "port_locked" = "PORT_USED"
    Info (12134): Parameter "port_pfdena" = "PORT_UNUSED"
    Info (12134): Parameter "port_phasecounterselect" = "PORT_UNUSED"
    Info (12134): Parameter "port_phasedone" = "PORT_UNUSED"
    Info (12134): Parameter "port_phasestep" = "PORT_UNUSED"
    Info (12134): Parameter "port_phaseupdown" = "PORT_UNUSED"
    Info (12134): Parameter "port_pllena" = "PORT_UNUSED"
    Info (12134): Parameter "port_scanaclr" = "PORT_UNUSED"
    Info (12134): Parameter "port_scanclk" = "PORT_UNUSED"
    Info (12134): Parameter "port_scanclkena" = "PORT_UNUSED"
    Info (12134): Parameter "port_scandata" = "PORT_UNUSED"
    Info (12134): Parameter "port_scandataout" = "PORT_UNUSED"
    Info (12134): Parameter "port_scandone" = "PORT_UNUSED"
    Info (12134): Parameter "port_scanread" = "PORT_UNUSED"
    Info (12134): Parameter "port_scanwrite" = "PORT_UNUSED"
    Info (12134): Parameter "port_clk0" = "PORT_USED"
    Info (12134): Parameter "port_clk1" = "PORT_UNUSED"
    Info (12134): Parameter "port_clk2" = "PORT_UNUSED"
    Info (12134): Parameter "port_clk3" = "PORT_UNUSED"
    Info (12134): Parameter "port_clk4" = "PORT_UNUSED"
    Info (12134): Parameter "port_clk5" = "PORT_UNUSED"
    Info (12134): Parameter "port_clkena0" = "PORT_UNUSED"
    Info (12134): Parameter "port_clkena1" = "PORT_UNUSED"
    Info (12134): Parameter "port_clkena2" = "PORT_UNUSED"
    Info (12134): Parameter "port_clkena3" = "PORT_UNUSED"
    Info (12134): Parameter "port_clkena4" = "PORT_UNUSED"
    Info (12134): Parameter "port_clkena5" = "PORT_UNUSED"
    Info (12134): Parameter "port_extclk0" = "PORT_UNUSED"
    Info (12134): Parameter "port_extclk1" = "PORT_UNUSED"
    Info (12134): Parameter "port_extclk2" = "PORT_UNUSED"
    Info (12134): Parameter "port_extclk3" = "PORT_UNUSED"
    Info (12134): Parameter "self_reset_on_loss_lock" = "OFF"
    Info (12134): Parameter "width_clock" = "5"
Info (12021): Found 1 design units, including 1 entities, in source file db/pll_clk_altpll.v
    Info (12023): Found entity 1: pll_clk_altpll
Info (12128): Elaborating entity "pll_clk_altpll" for hierarchy "pll_clk:u_pll_clk|altpll:altpll_component|pll_clk_altpll:auto_generated"
Info (12128): Elaborating entity "wm8978_ctrl" for hierarchy "wm8978_ctrl:u_wm8978_ctrl"
Info (12128): Elaborating entity "wm8978_config" for hierarchy "wm8978_ctrl:u_wm8978_ctrl|wm8978_config:u_wm8978_config"
Info (12128): Elaborating entity "i2c_reg_cfg" for hierarchy "wm8978_ctrl:u_wm8978_ctrl|wm8978_config:u_wm8978_config|i2c_reg_cfg:u_i2c_reg_cfg"
Info (12128): Elaborating entity "i2c_dri" for hierarchy "wm8978_ctrl:u_wm8978_ctrl|wm8978_config:u_wm8978_config|i2c_dri:u_i2c_dri"
Warning (10230): Verilog HDL assignment warning at i2c_dri.v(83): truncated value with size 26 to match size of target (9)
Info (12128): Elaborating entity "audio_receive" for hierarchy "wm8978_ctrl:u_wm8978_ctrl|audio_receive:u_audio_receive"
Info (12128): Elaborating entity "audio_send" for hierarchy "wm8978_ctrl:u_wm8978_ctrl|audio_send:u_audio_send"
Warning (12241): 3 hierarchies have connectivity warnings - see the Connectivity Checks report folder
Info (13000): Registers with preset signals will power-up high
Info (13003): DEV_CLRn pin will set, and not reset, register with preset signal due to NOT Gate Push-Back
Info (286030): Timing-Driven Synthesis is running
Info (144001): Generated suppressed messages file C:/Users/Zyyfo/Desktop/fpga_prac/prac6/par/output_files/audio_speak.map.smsg
Info (16010): Generating hard_block partition "hard_block:auto_generated_inst"
    Info (16011): Adding 1 node(s), including 0 DDIO, 1 PLL, 0 transceiver and 0 LCELL
Info (21057): Implemented 318 device resources after synthesis - the final resource count might be different
    Info (21058): Implemented 5 input pins
    Info (21059): Implemented 3 output pins
    Info (21060): Implemented 1 bidirectional pins
    Info (21061): Implemented 308 logic cells
    Info (21065): Implemented 1 PLLs
Info: Quartus II 64-Bit Analysis & Synthesis was successful. 0 errors, 2 warnings
    Info: Peak virtual memory: 4647 megabytes
    Info: Processing ended: Thu Jul 01 01:50:59 2021
    Info: Elapsed time: 00:00:08
    Info: Total CPU time (on all processors): 00:00:07


+------------------------------------------+
; Analysis & Synthesis Suppressed Messages ;
+------------------------------------------+
The suppressed messages can be found in C:/Users/Zyyfo/Desktop/fpga_prac/prac6/par/output_files/audio_speak.map.smsg.


