Info: Starting: Create block symbol file (.bsf)
Info: ip-generate --project-directory=D:/fpga/fpga_prac/prac10/qsys/hardware/ --output-directory=D:/fpga/fpga_prac/prac10/qsys/hardware/ --report-file=bsf:D:/fpga/fpga_prac/prac10/qsys/hardware/hello_world.bsf --system-info=DEVICE_FAMILY="Cyclone IV E" --system-info=DEVICE=EP4CE10F17C8 --system-info=DEVICE_SPEEDGRADE=8 --component-file=D:/fpga/fpga_prac/prac10/qsys/hardware/hello_world.qsys
Progress: Loading hardware/hello_world.qsys
Progress: Reading input file
Progress: Adding clk [clock_source 13.1]
Progress: Parameterizing module clk
Progress: Adding nios2_qsys [altera_nios2_qsys 13.1]
Progress: Parameterizing module nios2_qsys
Progress: Adding onchip_rom [altera_avalon_onchip_memory2 13.1]
Progress: Parameterizing module onchip_rom
Progress: Adding onchip_ram [altera_avalon_onchip_memory2 13.1]
Progress: Parameterizing module onchip_ram
Progress: Adding jtag_uart [altera_avalon_jtag_uart 13.1]
Progress: Parameterizing module jtag_uart
Progress: Adding sysid_qsys [altera_avalon_sysid_qsys 13.1]
Progress: Parameterizing module sysid_qsys
Progress: Building connections
Progress: Parameterizing connections
Progress: Validating
Progress: Done reading input file
Info: hello_world.sysid_qsys: System ID is not assigned automatically. Edit the System ID parameter to provide a unique ID
Info: hello_world.sysid_qsys: Time stamp will be automatically updated when this component is generated.
Info: ip-generate succeeded.
Info: Finished: Create block symbol file (.bsf)
Info: 
Info: Starting: Create HDL design files for synthesis
Info: ip-generate --project-directory=D:/fpga/fpga_prac/prac10/qsys/hardware/ --output-directory=D:/fpga/fpga_prac/prac10/qsys/hardware/synthesis/ --file-set=QUARTUS_SYNTH --report-file=html:D:/fpga/fpga_prac/prac10/qsys/hardware/hello_world.html --report-file=sopcinfo:D:/fpga/fpga_prac/prac10/qsys/hardware/hello_world.sopcinfo --report-file=cmp:D:/fpga/fpga_prac/prac10/qsys/hardware/hello_world.cmp --report-file=qip:D:/fpga/fpga_prac/prac10/qsys/hardware/synthesis/hello_world.qip --report-file=svd --report-file=regmap:D:/fpga/fpga_prac/prac10/qsys/hardware/synthesis/hello_world.regmap --report-file=debuginfo:D:/fpga/fpga_prac/prac10/qsys/hardware/synthesis/hello_world.debuginfo --system-info=DEVICE_FAMILY="Cyclone IV E" --system-info=DEVICE=EP4CE10F17C8 --system-info=DEVICE_SPEEDGRADE=8 --component-file=D:/fpga/fpga_prac/prac10/qsys/hardware/hello_world.qsys --language=VERILOG
Progress: Loading hardware/hello_world.qsys
Progress: Reading input file
Progress: Adding clk [clock_source 13.1]
Progress: Parameterizing module clk
Progress: Adding nios2_qsys [altera_nios2_qsys 13.1]
Progress: Parameterizing module nios2_qsys
Progress: Adding onchip_rom [altera_avalon_onchip_memory2 13.1]
Progress: Parameterizing module onchip_rom
Progress: Adding onchip_ram [altera_avalon_onchip_memory2 13.1]
Progress: Parameterizing module onchip_ram
Progress: Adding jtag_uart [altera_avalon_jtag_uart 13.1]
Progress: Parameterizing module jtag_uart
Progress: Adding sysid_qsys [altera_avalon_sysid_qsys 13.1]
Progress: Parameterizing module sysid_qsys
Progress: Building connections
Progress: Parameterizing connections
Progress: Validating
Progress: Done reading input file
Info: hello_world.sysid_qsys: System ID is not assigned automatically. Edit the System ID parameter to provide a unique ID
Info: hello_world.sysid_qsys: Time stamp will be automatically updated when this component is generated.
Info: hello_world: Generating hello_world "hello_world" for QUARTUS_SYNTH
Info: pipeline_bridge_swap_transform: After transform: 6 modules, 24 connections
Info: No custom instruction connections, skipping transform 
Info: merlin_initial_interconnect_transform: After transform: 6 modules, 23 connections
Info: merlin_translator_transform: After transform: 13 modules, 51 connections
Info: merlin_domain_transform: After transform: 26 modules, 136 connections
Info: merlin_router_transform: After transform: 33 modules, 164 connections
Info: merlin_traffic_limiter_transform: After transform: 35 modules, 174 connections
Info: merlin_network_to_switch_transform: After transform: 48 modules, 211 connections
Info: limiter_update_transform: After transform: 48 modules, 213 connections
Info: merlin_clock_and_reset_bridge_transform: After transform: 50 modules, 262 connections
Info: merlin_hierarchy_transform: After transform: 7 modules, 26 connections
Info: merlin_mm_transform: After transform: 7 modules, 26 connections
Info: merlin_interrupt_mapper_transform: After transform: 8 modules, 30 connections
Info: reset_adaptation_transform: After transform: 10 modules, 31 connections
Info: nios2_qsys: Starting RTL generation for module 'hello_world_nios2_qsys'
Info: nios2_qsys:   Generation command is [exec D:/quartus/altera/13.1/quartus/bin/eperlcmd.exe -I D:/quartus/altera/13.1/quartus/bin/perl/lib -I D:/quartus/altera/13.1/quartus/sopc_builder/bin/europa -I D:/quartus/altera/13.1/quartus/sopc_builder/bin/perl_lib -I D:/quartus/altera/13.1/quartus/sopc_builder/bin -I D:/quartus/altera/13.1/quartus/../ip/altera/nios2_ip/altera_nios2/cpu_lib -I D:/quartus/altera/13.1/quartus/../ip/altera/nios2_ip/altera_nios2/nios_lib -I D:/quartus/altera/13.1/quartus/../ip/altera/nios2_ip/altera_nios2 -I D:/quartus/altera/13.1/quartus/../ip/altera/nios2_ip/altera_nios2 -- D:/quartus/altera/13.1/quartus/../ip/altera/nios2_ip/altera_nios2/generate_rtl.epl --name=hello_world_nios2_qsys --dir=C:/Users/ADMINI~1/AppData/Local/Temp/alt8827_2892491666022576167.dir/0001_nios2_qsys_gen/ --quartus_dir=D:/quartus/altera/13.1/quartus --verilog --config=C:/Users/ADMINI~1/AppData/Local/Temp/alt8827_2892491666022576167.dir/0001_nios2_qsys_gen//hello_world_nios2_qsys_processor_configuration.pl  --do_build_sim=0  ]
Info: nios2_qsys: # 2021.07.19 22:14:25 (*) Starting Nios II generation
Info: nios2_qsys: # 2021.07.19 22:14:25 (*)   Checking for plaintext license.
Info: nios2_qsys: # 2021.07.19 22:14:28 (*)   Plaintext license not found.
Info: nios2_qsys: # 2021.07.19 22:14:28 (*)   Checking for encrypted license (non-evaluation).
Info: nios2_qsys: # 2021.07.19 22:14:30 (*)   Encrypted license found.  SOF will not be time-limited.
Info: nios2_qsys: # 2021.07.19 22:14:30 (*)   Elaborating CPU configuration settings
Info: nios2_qsys: # 2021.07.19 22:14:30 (*)   Creating all objects for CPU
Info: nios2_qsys: # 2021.07.19 22:14:30 (*)     Testbench
Info: nios2_qsys: # 2021.07.19 22:14:30 (*)     Instruction decoding
Info: nios2_qsys: # 2021.07.19 22:14:30 (*)       Instruction fields
Info: nios2_qsys: # 2021.07.19 22:14:30 (*)       Instruction decodes
Info: nios2_qsys: # 2021.07.19 22:14:31 (*)       Signals for RTL simulation waveforms
Info: nios2_qsys: # 2021.07.19 22:14:31 (*)       Instruction controls
Info: nios2_qsys: # 2021.07.19 22:14:31 (*)     Pipeline frontend
Info: nios2_qsys: # 2021.07.19 22:14:31 (*)     Pipeline backend
Info: nios2_qsys: # 2021.07.19 22:14:33 (*)   Generating RTL from CPU objects
Info: nios2_qsys: # 2021.07.19 22:14:37 (*)   Creating encrypted RTL
Info: nios2_qsys: # 2021.07.19 22:14:39 (*) Done Nios II generation
Info: nios2_qsys: Done RTL generation for module 'hello_world_nios2_qsys'
Info: nios2_qsys: "hello_world" instantiated altera_nios2_qsys "nios2_qsys"
Info: onchip_rom: Starting RTL generation for module 'hello_world_onchip_rom'
Info: onchip_rom:   Generation command is [exec D:/quartus/altera/13.1/quartus/bin/perl/bin/perl.exe -I D:/quartus/altera/13.1/quartus/bin/perl/lib -I D:/quartus/altera/13.1/quartus/sopc_builder/bin/europa -I D:/quartus/altera/13.1/quartus/sopc_builder/bin/perl_lib -I D:/quartus/altera/13.1/quartus/sopc_builder/bin -I D:/quartus/altera/13.1/quartus/../ip/altera/sopc_builder_ip/common -I D:/quartus/altera/13.1/quartus/../ip/altera/sopc_builder_ip/altera_avalon_onchip_memory2 -- D:/quartus/altera/13.1/quartus/../ip/altera/sopc_builder_ip/altera_avalon_onchip_memory2/generate_rtl.pl --name=hello_world_onchip_rom --dir=C:/Users/ADMINI~1/AppData/Local/Temp/alt8827_2892491666022576167.dir/0002_onchip_rom_gen/ --quartus_dir=D:/quartus/altera/13.1/quartus --verilog --config=C:/Users/ADMINI~1/AppData/Local/Temp/alt8827_2892491666022576167.dir/0002_onchip_rom_gen//hello_world_onchip_rom_component_configuration.pl  --do_build_sim=0  ]
Info: onchip_rom: Done RTL generation for module 'hello_world_onchip_rom'
Info: onchip_rom: "hello_world" instantiated altera_avalon_onchip_memory2 "onchip_rom"
Info: onchip_ram: Starting RTL generation for module 'hello_world_onchip_ram'
Info: onchip_ram:   Generation command is [exec D:/quartus/altera/13.1/quartus/bin/perl/bin/perl.exe -I D:/quartus/altera/13.1/quartus/bin/perl/lib -I D:/quartus/altera/13.1/quartus/sopc_builder/bin/europa -I D:/quartus/altera/13.1/quartus/sopc_builder/bin/perl_lib -I D:/quartus/altera/13.1/quartus/sopc_builder/bin -I D:/quartus/altera/13.1/quartus/../ip/altera/sopc_builder_ip/common -I D:/quartus/altera/13.1/quartus/../ip/altera/sopc_builder_ip/altera_avalon_onchip_memory2 -- D:/quartus/altera/13.1/quartus/../ip/altera/sopc_builder_ip/altera_avalon_onchip_memory2/generate_rtl.pl --name=hello_world_onchip_ram --dir=C:/Users/ADMINI~1/AppData/Local/Temp/alt8827_2892491666022576167.dir/0003_onchip_ram_gen/ --quartus_dir=D:/quartus/altera/13.1/quartus --verilog --config=C:/Users/ADMINI~1/AppData/Local/Temp/alt8827_2892491666022576167.dir/0003_onchip_ram_gen//hello_world_onchip_ram_component_configuration.pl  --do_build_sim=0  ]
Info: onchip_ram: Done RTL generation for module 'hello_world_onchip_ram'
Info: onchip_ram: "hello_world" instantiated altera_avalon_onchip_memory2 "onchip_ram"
Info: jtag_uart: Starting RTL generation for module 'hello_world_jtag_uart'
Info: jtag_uart:   Generation command is [exec D:/quartus/altera/13.1/quartus/bin/perl/bin/perl.exe -I D:/quartus/altera/13.1/quartus/bin/perl/lib -I D:/quartus/altera/13.1/quartus/sopc_builder/bin/europa -I D:/quartus/altera/13.1/quartus/sopc_builder/bin/perl_lib -I D:/quartus/altera/13.1/quartus/sopc_builder/bin -I D:/quartus/altera/13.1/quartus/../ip/altera/sopc_builder_ip/common -I D:/quartus/altera/13.1/quartus/../ip/altera/sopc_builder_ip/altera_avalon_jtag_uart -- D:/quartus/altera/13.1/quartus/../ip/altera/sopc_builder_ip/altera_avalon_jtag_uart/generate_rtl.pl --name=hello_world_jtag_uart --dir=C:/Users/ADMINI~1/AppData/Local/Temp/alt8827_2892491666022576167.dir/0004_jtag_uart_gen/ --quartus_dir=D:/quartus/altera/13.1/quartus --verilog --config=C:/Users/ADMINI~1/AppData/Local/Temp/alt8827_2892491666022576167.dir/0004_jtag_uart_gen//hello_world_jtag_uart_component_configuration.pl  --do_build_sim=0  ]
Info: jtag_uart: Done RTL generation for module 'hello_world_jtag_uart'
Info: jtag_uart: "hello_world" instantiated altera_avalon_jtag_uart "jtag_uart"
Info: sysid_qsys: "hello_world" instantiated altera_avalon_sysid_qsys "sysid_qsys"
Info: pipeline_bridge_swap_transform: After transform: 44 modules, 150 connections
Info: No custom instruction connections, skipping transform 
Info: merlin_initial_interconnect_transform: After transform: 0 modules, 0 connections
Info: No Avalon connections, skipping transform 
Info: merlin_hierarchy_transform: After transform: 44 modules, 150 connections
Info: merlin_initial_interconnect_transform: After transform: 0 modules, 0 connections
Info: No Avalon connections, skipping transform 
Info: merlin_hierarchy_transform: After transform: 44 modules, 150 connections
Info: merlin_initial_interconnect_transform: After transform: 0 modules, 0 connections
Info: No Avalon connections, skipping transform 
Info: merlin_hierarchy_transform: After transform: 44 modules, 150 connections
Info: merlin_initial_interconnect_transform: After transform: 0 modules, 0 connections
Info: No Avalon connections, skipping transform 
Info: merlin_hierarchy_transform: After transform: 44 modules, 150 connections
Info: merlin_initial_interconnect_transform: After transform: 0 modules, 0 connections
Info: No Avalon connections, skipping transform 
Info: merlin_hierarchy_transform: After transform: 44 modules, 150 connections
Info: merlin_initial_interconnect_transform: After transform: 0 modules, 0 connections
Info: No Avalon connections, skipping transform 
Info: merlin_hierarchy_transform: After transform: 44 modules, 150 connections
Info: merlin_initial_interconnect_transform: After transform: 0 modules, 0 connections
Info: No Avalon connections, skipping transform 
Info: merlin_hierarchy_transform: After transform: 44 modules, 150 connections
Info: mm_interconnect_0: "hello_world" instantiated altera_merlin_interconnect_wrapper "mm_interconnect_0"
Info: irq_mapper: "hello_world" instantiated altera_irq_mapper "irq_mapper"
Info: rst_controller: "hello_world" instantiated altera_reset_controller "rst_controller"
Info: nios2_qsys_instruction_master_translator: "mm_interconnect_0" instantiated altera_merlin_master_translator "nios2_qsys_instruction_master_translator"
Info: nios2_qsys_jtag_debug_module_translator: "mm_interconnect_0" instantiated altera_merlin_slave_translator "nios2_qsys_jtag_debug_module_translator"
Info: nios2_qsys_instruction_master_translator_avalon_universal_master_0_agent: "mm_interconnect_0" instantiated altera_merlin_master_agent "nios2_qsys_instruction_master_translator_avalon_universal_master_0_agent"
Info: nios2_qsys_jtag_debug_module_translator_avalon_universal_slave_0_agent: "mm_interconnect_0" instantiated altera_merlin_slave_agent "nios2_qsys_jtag_debug_module_translator_avalon_universal_slave_0_agent"
Info: nios2_qsys_jtag_debug_module_translator_avalon_universal_slave_0_agent_rsp_fifo: "mm_interconnect_0" instantiated altera_avalon_sc_fifo "nios2_qsys_jtag_debug_module_translator_avalon_universal_slave_0_agent_rsp_fifo"
Info: addr_router: "mm_interconnect_0" instantiated altera_merlin_router "addr_router"
Info: addr_router_001: "mm_interconnect_0" instantiated altera_merlin_router "addr_router_001"
Info: id_router: "mm_interconnect_0" instantiated altera_merlin_router "id_router"
Info: id_router_003: "mm_interconnect_0" instantiated altera_merlin_router "id_router_003"
Info: limiter: "mm_interconnect_0" instantiated altera_merlin_traffic_limiter "limiter"
Info: Reusing file D:/fpga/fpga_prac/prac10/qsys/hardware/synthesis/submodules/altera_avalon_sc_fifo.v
Info: cmd_xbar_demux: "mm_interconnect_0" instantiated altera_merlin_demultiplexer "cmd_xbar_demux"
Info: cmd_xbar_demux_001: "mm_interconnect_0" instantiated altera_merlin_demultiplexer "cmd_xbar_demux_001"
Info: cmd_xbar_mux: "mm_interconnect_0" instantiated altera_merlin_multiplexer "cmd_xbar_mux"
Info: cmd_xbar_mux_003: "mm_interconnect_0" instantiated altera_merlin_multiplexer "cmd_xbar_mux_003"
Info: Reusing file D:/fpga/fpga_prac/prac10/qsys/hardware/synthesis/submodules/altera_merlin_arbitrator.sv
Info: rsp_xbar_demux: "mm_interconnect_0" instantiated altera_merlin_demultiplexer "rsp_xbar_demux"
Info: rsp_xbar_demux_003: "mm_interconnect_0" instantiated altera_merlin_demultiplexer "rsp_xbar_demux_003"
Info: rsp_xbar_mux: "mm_interconnect_0" instantiated altera_merlin_multiplexer "rsp_xbar_mux"
Info: Reusing file D:/fpga/fpga_prac/prac10/qsys/hardware/synthesis/submodules/altera_merlin_arbitrator.sv
Info: rsp_xbar_mux_001: "mm_interconnect_0" instantiated altera_merlin_multiplexer "rsp_xbar_mux_001"
Info: Reusing file D:/fpga/fpga_prac/prac10/qsys/hardware/synthesis/submodules/altera_merlin_arbitrator.sv
Info: hello_world: Done "hello_world" with 27 modules, 49 files, 1310518 bytes
Info: ip-generate succeeded.
Info: Finished: Create HDL design files for synthesis
